Job runs on node:
lrdn4992
0.3291572
0.24400026
0.20592667
0.17852163
0.16239858
0.17242114
0.19864108
0.20643865
0.20370165
0.19551939
0.18595904
0.17661175
0.16799551
0.16473833
0.16659674
0.16794896
0.16895175
0.16970742
0.17028475
0.1707309
0.17107935
0.17135386
0.17157196
0.17174621
0.17188653
model ('out_em/out_8to1/5/weights(8)(7)_1.npy', 'out_em/out_8to1/5/loss_train_(8)(7)_1.npy', 'out_em/out_8to1/5/loss_val(8)(7)_1.npy', 'weights(8)(7)_1.npy') completed
0.13102117
0.1253008
0.16900997
0.20697814
0.22207752
0.24590544
0.25055704
0.23907252
0.22145204
0.20353872
0.1872243
0.17578018
0.16857019
0.16180876
0.15556896
0.14985065
0.14462355
0.13984616
0.13547498
0.13146809
0.12778708
0.12439729
0.12126829
0.118372634
0.115686804
model ('out_em/out_8to1/5/weights(8)(7)_0.npy', 'out_em/out_8to1/5/loss_train_(8)(7)_0.npy', 'out_em/out_8to1/5/loss_val(8)(7)_0.npy', 'weights(8)(7)_0.npy') completed
0.8031615
0.686184
0.54645854
0.43993875
0.3533739
0.2645155
0.18909985
0.15708596
0.14738925
0.14652473
0.14715943
0.14790873
0.15924649
0.16804591
0.17615046
0.18865383
0.20042607
0.21083385
0.22010812
0.22842856
0.23593938
0.24275587
0.24896854
0.25465503
0.25988
model ('out_em/out_8to1/10/weights(8)(7)_1.npy', 'out_em/out_8to1/10/loss_train_(8)(7)_1.npy', 'out_em/out_8to1/10/loss_val(8)(7)_1.npy', 'weights(8)(7)_1.npy') completed
0.5732936
0.48690477
0.40690643
0.3427355
0.2994448
0.28685972
0.29648566
0.2982739
0.280741
0.26586148
0.26969945
0.26866764
0.26414797
0.25804448
0.2513138
0.2444491
0.2377067
0.23121716
0.2250421
0.21920481
0.2137074
0.20854025
0.20368755
0.19913062
0.19606896
model ('out_em/out_8to1/10/weights(8)(7)_2.npy', 'out_em/out_8to1/10/loss_train_(8)(7)_2.npy', 'out_em/out_8to1/10/loss_val(8)(7)_2.npy', 'weights(8)(7)_2.npy') completed
0.16795331
0.13306855
0.1671657
0.19087213
0.19922554
0.19918363
0.21776555
0.22757548
0.21833843
0.20146827
0.18310879
0.17577147
0.16974826
0.16412558
0.15894571
0.15420128
0.14986427
0.1458994
0.1422702
0.1389418
0.13588244
0.1330638
0.13046056
0.12805028
0.12581362
model ('out_em/out_8to1/10/weights(8)(7)_3.npy', 'out_em/out_8to1/10/loss_train_(8)(7)_3.npy', 'out_em/out_8to1/10/loss_val(8)(7)_3.npy', 'weights(8)(7)_3.npy') completed
0.15709634
0.076074205
0.05260806
0.09847701
0.14807297
0.19008806
0.21220297
0.2147525
0.20611235
0.19383658
0.18134797
0.17135356
0.16694891
0.16254976
0.1582869
0.15472294
0.15444508
0.15408333
0.15367699
0.15325075
0.15282007
0.15239465
0.15198052
0.15158097
0.1511981
model ('out_em/out_8to1/10/weights(8)(7)_0.npy', 'out_em/out_8to1/10/loss_train_(8)(7)_0.npy', 'out_em/out_8to1/10/loss_val(8)(7)_0.npy', 'weights(8)(7)_0.npy') completed
0.7556785
0.52365595
0.3735187
0.2902401
0.27811503
0.28845438
0.31574976
0.34133947
0.35893753
0.36696008
0.36970448
0.3707608
0.3713072
0.37061152
0.3706318
0.37029997
0.36976713
0.377486
0.38451773
0.3908578
0.39660737
0.40184784
0.4066459
0.4110561
0.41512468
model ('out_em/out_8to2/5/weights(8)(6)_1.npy', 'out_em/out_8to2/5/loss_train_(8)(6)_1.npy', 'out_em/out_8to2/5/loss_val(8)(6)_1.npy', 'weights(8)(6)_1.npy') completed
0.8746411
0.78527325
0.68584406
0.6481651
0.63085496
0.5743997
0.44517824
0.3547945
0.32741407
0.31777796
0.31194088
0.30424362
0.2964724
0.28924805
0.2854272
0.2834139
0.28589982
0.3016801
0.31642777
0.33189416
0.34595272
0.35883877
0.370683
0.38157165
0.39161414
model ('out_em/out_8to2/5/weights(8)(6)_0.npy', 'out_em/out_8to2/5/loss_train_(8)(6)_0.npy', 'out_em/out_8to2/5/loss_val(8)(6)_0.npy', 'weights(8)(6)_0.npy') completed
1.1234025
1.0253024
0.9588315
0.8602009
0.7250717
0.5474032
0.38833195
0.26999596
0.22668621
0.21236706
0.22302392
0.23172118
0.23810951
0.24740227
0.2627246
0.27730912
0.28967026
0.30026928
0.31254524
0.32937247
0.34455305
0.35831553
0.37084946
0.38231078
0.39283124
model ('out_em/out_8to2/10/weights(8)(6)_1.npy', 'out_em/out_8to2/10/loss_train_(8)(6)_1.npy', 'out_em/out_8to2/10/loss_val(8)(6)_1.npy', 'weights(8)(6)_1.npy') completed
0.6884864
0.5639803
0.40047014
0.2733783
0.25002256
0.26627758
0.27702653
0.27717632
0.25371513
0.22887
0.22393143
0.22270763
0.22071986
0.22564857
0.23126918
0.23559436
0.23943147
0.2425733
0.2451633
0.24731253
0.24910633
0.25061166
0.25188106
0.25420082
0.2569975
model ('out_em/out_8to2/10/weights(8)(6)_0.npy', 'out_em/out_8to2/10/loss_train_(8)(6)_0.npy', 'out_em/out_8to2/10/loss_val(8)(6)_0.npy', 'weights(8)(6)_0.npy') completed
0.85123044
0.67848384
0.5363714
0.44256872
0.35272998
0.33725286
0.36733678
0.3793229
0.363252
0.33363926
0.30118763
0.27845514
0.25687835
0.24749297
0.24334976
0.23847598
0.23327617
0.22798856
0.22275373
0.21856274
0.21466443
0.21078917
0.2069815
0.20326969
0.1996711
model ('out_em/out_8to2/10/weights(8)(6)_2.npy', 'out_em/out_8to2/10/loss_train_(8)(6)_2.npy', 'out_em/out_8to2/10/loss_val(8)(6)_2.npy', 'weights(8)(6)_2.npy') completed
2.1106045
1.1333437
0.9458761
0.7851338
0.67227244
0.54354113
0.3984396
0.29554087
0.30941308
0.32901287
0.33255228
0.32657593
0.31912884
0.3141383
0.30760053
0.30611718
0.30759242
0.3083692
0.3086653
0.3086276
0.31696165
0.32502297
0.3323469
0.3390317
0.3452402
model ('out_em/out_8to2/10/weights(8)(6)_3.npy', 'out_em/out_8to2/10/loss_train_(8)(6)_3.npy', 'out_em/out_8to2/10/loss_val(8)(6)_3.npy', 'weights(8)(6)_3.npy') completed
3.655301
3.017781
2.7180474
2.4390607
2.0878866
1.6327362
1.2964448
0.98616886
0.7699207
0.65537655
0.58482283
0.5683053
0.57085073
0.57616276
0.57984793
0.5824257
0.58423173
0.5854893
0.5863499
0.5869195
0.587273
0.5874645
0.58753425
0.5875113
0.58741844
model ('out_em/out_8to3/5/weights(8)(5)_1.npy', 'out_em/out_8to3/5/loss_train_(8)(5)_1.npy', 'out_em/out_8to3/5/loss_val(8)(5)_1.npy', 'weights(8)(5)_1.npy') completed
3.457874
2.7566807
2.6632175
2.565524
2.3869
2.061074
1.5918219
1.1603389
0.8753964
0.69050896
0.56891453
0.49251178
0.44398803
0.4148141
0.39971706
0.38924643
0.3846584
0.38066858
0.37696874
0.37353766
0.37035304
0.36739343
0.3646387
0.36207
0.35977158
model ('out_em/out_8to3/5/weights(8)(5)_0.npy', 'out_em/out_8to3/5/loss_train_(8)(5)_0.npy', 'out_em/out_8to3/5/loss_val(8)(5)_0.npy', 'weights(8)(5)_0.npy') completed
4.295475
3.4383879
3.2275047
2.976588
2.6473773
2.2299585
1.721529
1.2449521
0.91471946
0.71909493
0.6286455
0.57408637
0.55286896
0.5457701
0.5483786
0.5508143
0.55669296
0.56258506
0.567972
0.5729021
0.57742137
0.58157235
0.5853934
0.5889187
0.5921787
model ('out_em/out_8to3/10/weights(8)(5)_1.npy', 'out_em/out_8to3/10/loss_train_(8)(5)_1.npy', 'out_em/out_8to3/10/loss_val(8)(5)_1.npy', 'weights(8)(5)_1.npy') completed
2.6744082
1.9205759
1.7268198
1.5256091
1.3227446
1.0627116
0.8137915
0.6416009
0.5996314
0.6033646
0.61985934
0.645098
0.66475475
0.6802745
0.69275546
0.7034642
0.71209955
0.7191615
0.7250059
0.72989273
0.73401594
0.73752236
0.74052614
0.743115
0.7454455
model ('out_em/out_8to3/10/weights(8)(5)_0.npy', 'out_em/out_8to3/10/loss_train_(8)(5)_0.npy', 'out_em/out_8to3/10/loss_val(8)(5)_0.npy', 'weights(8)(5)_0.npy') completed
1.1710052
1.9505665
1.839518
1.762395
1.639586
1.4013861
1.0565017
0.76655924
0.61725134
0.5338846
0.4974933
0.48234025
0.47814164
0.47612855
0.4749273
0.47321156
0.4711293
0.4688946
0.47301078
0.47855583
0.48384732
0.4884951
0.49261168
0.49628466
0.49958324
model ('out_em/out_8to3/10/weights(8)(5)_3.npy', 'out_em/out_8to3/10/loss_train_(8)(5)_3.npy', 'out_em/out_8to3/10/loss_val(8)(5)_3.npy', 'weights(8)(5)_3.npy') completed
4.2723465
2.1669025
1.954808
1.8326461
1.664353
1.4187425
1.1207263
0.86969274
0.7644364
0.6884199
0.6314758
0.58650696
0.55543953
0.5515082
0.54882425
0.5468068
0.54534304
0.5442158
0.5444218
0.54744756
0.55007714
0.5523839
0.55619156
0.5636129
0.5704116
model ('out_em/out_8to3/10/weights(8)(5)_2.npy', 'out_em/out_8to3/10/loss_train_(8)(5)_2.npy', 'out_em/out_8to3/10/loss_val(8)(5)_2.npy', 'weights(8)(5)_2.npy') completed
3.047761
2.8430126
2.5775857
2.316387
2.0259926
1.6841749
1.2926747
0.9592672
0.7685197
0.67925066
0.6656377
0.6744999
0.69120586
0.70540595
0.71607333
0.7298831
0.74378633
0.755405
0.7652381
0.773652
0.780921
0.78725433
0.7928144
0.79772854
0.8020989
model ('out_em/out_8to4/5/weights(8)(4)_0.npy', 'out_em/out_8to4/5/loss_train_(8)(4)_0.npy', 'out_em/out_8to4/5/loss_val(8)(4)_0.npy', 'weights(8)(4)_0.npy') completed
4.689961
2.6014655
2.332845
2.0575776
1.8249285
1.5567354
1.2004931
0.864585
0.6705668
0.60617435
0.63511777
0.66280645
0.68452954
0.704812
0.7215613
0.7373656
0.75132465
0.76342565
0.7740111
0.7833447
0.79163265
0.7990391
0.80569524
0.811708
0.817165
model ('out_em/out_8to4/5/weights(8)(4)_1.npy', 'out_em/out_8to4/5/loss_train_(8)(4)_1.npy', 'out_em/out_8to4/5/loss_val(8)(4)_1.npy', 'weights(8)(4)_1.npy') completed
5.5914683
3.844575
3.72424
3.5405726
3.2693496
2.839
2.2308352
1.6304541
1.20384
0.93822974
0.7961689
0.7101966
0.65643066
0.63296324
0.6313412
0.63709813
0.64145666
0.6447866
0.6473468
0.6493227
0.65084934
0.6520269
0.65293086
0.6590638
0.665496
model ('out_em/out_8to4/10/weights(8)(4)_0.npy', 'out_em/out_8to4/10/loss_train_(8)(4)_0.npy', 'out_em/out_8to4/10/loss_val(8)(4)_0.npy', 'weights(8)(4)_0.npy') completed
2.5789404
2.499734
2.4007797
2.2911942
2.1409993
1.9208996
1.597021
1.2956481
1.0675242
0.90550673
0.78964704
0.71210146
0.6544734
0.6098623
0.5742819
0.5442666
0.5185306
0.49617445
0.47654498
0.459154
0.44362742
0.42967245
0.41705662
0.4055918
0.39512464
model ('out_em/out_8to4/10/weights(8)(4)_1.npy', 'out_em/out_8to4/10/loss_train_(8)(4)_1.npy', 'out_em/out_8to4/10/loss_val(8)(4)_1.npy', 'weights(8)(4)_1.npy') completed
2.4999974
2.9287767
2.6567626
2.398954
2.095719
1.7160792
1.3489994
1.0457548
0.8373049
0.7573722
0.7327298
0.7136383
0.6955792
0.6787128
0.66421443
0.65231884
0.640885
0.63028115
0.6289953
0.6275675
0.6260636
0.62452775
0.62299013
0.6214697
0.6199803
model ('out_em/out_8to4/10/weights(8)(4)_3.npy', 'out_em/out_8to4/10/loss_train_(8)(4)_3.npy', 'out_em/out_8to4/10/loss_val(8)(4)_3.npy', 'weights(8)(4)_3.npy') completed
1.5627146
2.8737576
2.6600344
2.4219859
2.1371331
1.7765512
1.368075
1.0159364
0.79133415
0.6710038
0.5969038
0.5503315
0.52118623
0.49558118
0.47917834
0.46639422
0.46937868
0.47223032
0.47434023
0.47591746
0.47752804
0.47871888
0.47958565
0.48072174
0.485673
model ('out_em/out_8to4/10/weights(8)(4)_2.npy', 'out_em/out_8to4/10/loss_train_(8)(4)_2.npy', 'out_em/out_8to4/10/loss_val(8)(4)_2.npy', 'weights(8)(4)_2.npy') completed
5.1198063
2.937604
2.5470307
2.2274659
2.0321178
1.7501562
1.3281355
1.1291335
1.0876377
1.1380612
1.1726182
1.1967714
1.2140781
1.2267623
1.2362355
1.2434201
1.2489364
1.2532127
1.2620821
1.2714568
1.279676
1.2869332
1.2933822
1.2992471
1.3063521
model ('out_em/out_8to5/5/weights(8)(3)_0.npy', 'out_em/out_8to5/5/loss_train_(8)(3)_0.npy', 'out_em/out_8to5/5/loss_val(8)(3)_0.npy', 'weights(8)(3)_0.npy') completed
6.3105407
4.703912
4.3413687
3.9305482
3.5366633
3.0201285
2.3192117
1.6671755
1.2528896
1.0074246
0.8655677
0.78668606
0.74591285
0.7298605
0.72320867
0.7239291
0.7243785
0.7246412
0.7247723
0.7248094
0.72477853
0.72469795
0.72458136
0.72443813
0.7242759
model ('out_em/out_8to5/5/weights(8)(3)_1.npy', 'out_em/out_8to5/5/loss_train_(8)(3)_1.npy', 'out_em/out_8to5/5/loss_val(8)(3)_1.npy', 'weights(8)(3)_1.npy') completed
4.8668213
4.203211
3.9740658
3.7467265
3.4906757
3.0639284
2.4353924
1.799957
1.3418884
1.0488006
0.8863269
0.8325275
0.7977481
0.7708871
0.7480416
0.7447777
0.74652374
0.7487645
0.75080085
0.7526568
0.75435346
0.75590926
0.7573402
0.75865984
0.7598804
model ('out_em/out_8to5/10/weights(8)(3)_2.npy', 'out_em/out_8to5/10/loss_train_(8)(3)_2.npy', 'out_em/out_8to5/10/loss_val(8)(3)_2.npy', 'weights(8)(3)_2.npy') completed
2.85611
3.4146922
3.1280417
2.8587625
2.5862026
2.2225337
1.7008582
1.2595052
0.9739951
0.8102297
0.7247696
0.6970889
0.6969775
0.70724463
0.7213125
0.7324439
0.7413742
0.7486241
0.7545705
0.7594917
0.76359683
0.767045
0.7708797
0.77480453
0.778187
model ('out_em/out_8to5/10/weights(8)(3)_0.npy', 'out_em/out_8to5/10/loss_train_(8)(3)_0.npy', 'out_em/out_8to5/10/loss_val(8)(3)_0.npy', 'weights(8)(3)_0.npy') completed
4.5926037
2.812491
2.6382492
2.4961684
2.3507402
2.0663426
1.6257553
1.2636157
1.0778179
0.98038334
0.9132451
0.8820522
0.8794905
0.8828591
0.8905201
0.8962095
0.90047294
0.9036859
0.90611243
0.90794206
0.9093136
0.9103304
0.91107035
0.9172698
0.92523396
model ('out_em/out_8to5/10/weights(8)(3)_1.npy', 'out_em/out_8to5/10/loss_train_(8)(3)_1.npy', 'out_em/out_8to5/10/loss_val(8)(3)_1.npy', 'weights(8)(3)_1.npy') completed
3.617162
3.5416472
3.238268
2.94278
2.627878
2.18894
1.6094948
1.1506667
0.8943559
0.8066781
0.79199994
0.7997632
0.8156653
0.8316182
0.8430511
0.8513522
0.85742736
0.86488587
0.875125
0.88350004
0.890405
0.8961365
0.90092295
0.9049398
0.90834665
model ('out_em/out_8to5/10/weights(8)(3)_3.npy', 'out_em/out_8to5/10/loss_train_(8)(3)_3.npy', 'out_em/out_8to5/10/loss_val(8)(3)_3.npy', 'weights(8)(3)_3.npy') completed
5.4879713
4.5447264
4.1208577
3.8379016
3.464741
2.9265552
2.201117
1.5248923
1.1143994
0.87661254
0.76190764
0.67684007
0.6110224
0.5806748
0.57772547
0.5832258
0.5916355
0.60506153
0.6168515
0.6358072
0.6591048
0.68113625
0.7010743
0.7191646
0.73565423
model ('out_em/out_8to6/5/weights(8)(2)_1.npy', 'out_em/out_8to6/5/loss_train_(8)(2)_1.npy', 'out_em/out_8to6/5/loss_val(8)(2)_1.npy', 'weights(8)(2)_1.npy') completed
5.2150702
4.3801117
4.0294943
3.7306044
3.4521244
3.0195804
2.3775826
1.7286042
1.2716267
1.0131146
0.8863654
0.8053008
0.7468663
0.71009296
0.7234842
0.7464159
0.7689594
0.7882765
0.8049922
0.8195816
0.83241314
0.84486026
0.8602077
0.8740307
0.8865438
model ('out_em/out_8to6/5/weights(8)(2)_0.npy', 'out_em/out_8to6/5/loss_train_(8)(2)_0.npy', 'out_em/out_8to6/5/loss_val(8)(2)_0.npy', 'weights(8)(2)_0.npy') completed
4.8714185
4.41593
3.9109995
3.523806
3.1589873
2.6573567
1.9799201
1.3633256
1.0259607
0.84361756
0.7528254
0.71173644
0.69200826
0.7004238
0.7160302
0.72819114
0.73782414
0.74555784
0.7538248
0.7729671
0.78984773
0.80483675
0.8188982
0.84138465
0.8623048
model ('out_em/out_8to6/10/weights(8)(2)_3.npy', 'out_em/out_8to6/10/loss_train_(8)(2)_3.npy', 'out_em/out_8to6/10/loss_val(8)(2)_3.npy', 'weights(8)(2)_3.npy') completed
6.9288
4.898018
4.504182
4.1365867
3.7065527
3.099481
2.415248
1.7380124
1.3409772
1.1162295
1.0273381
0.9922256
0.96704376
0.9480299
0.935327
0.931042
0.9351778
0.9398564
0.9438088
0.94716936
0.9550837
0.9699419
0.9834763
0.99584997
1.0072026
model ('out_em/out_8to6/10/weights(8)(2)_1.npy', 'out_em/out_8to6/10/loss_train_(8)(2)_1.npy', 'out_em/out_8to6/10/loss_val(8)(2)_1.npy', 'weights(8)(2)_1.npy') completed
6.318668
4.9564304
4.5806675
4.1563864
3.6947057
3.1151364
2.3440502
1.6363668
1.2152656
0.98919374
0.8593148
0.8220299
0.8167108
0.8160908
0.81493336
0.82244456
0.84720695
0.8711498
0.8916536
0.91028774
0.9297162
0.9470399
0.9625833
0.9766061
0.9893209
model ('out_em/out_8to6/10/weights(8)(2)_2.npy', 'out_em/out_8to6/10/loss_train_(8)(2)_2.npy', 'out_em/out_8to6/10/loss_val(8)(2)_2.npy', 'weights(8)(2)_2.npy') completed
5.766567
4.3980317
3.892348
3.5704622
3.2598026
2.7711053
2.0856905
1.5074923
1.228139
1.0899957
1.006682
0.94755226
0.9031612
0.8709974
0.8453226
0.8278474
0.8151254
0.8152144
0.8206272
0.83685625
0.8528715
0.8673412
0.8804737
0.892441
0.90338886
model ('out_em/out_8to6/10/weights(8)(2)_0.npy', 'out_em/out_8to6/10/loss_train_(8)(2)_0.npy', 'out_em/out_8to6/10/loss_val(8)(2)_0.npy', 'weights(8)(2)_0.npy') completed
7.1651673
5.175186
4.5767555
3.9651098
3.303703
2.5265765
1.8171104
1.3792667
1.2227385
1.1823509
1.1578099
1.1596326
1.1604896
1.1690545
1.1770892
1.1835264
1.188779
1.1931305
1.196782
1.19988
1.2025342
1.2048273
1.2068238
1.2085736
1.2103245
model ('out_em/out_8to7/5/weights(8)(1)_0.npy', 'out_em/out_8to7/5/loss_train_(8)(1)_0.npy', 'out_em/out_8to7/5/loss_val(8)(1)_0.npy', 'weights(8)(1)_0.npy') completed
5.0936203
5.1566133
4.629255
4.1522465
3.644233
2.9945366
2.2052214
1.5652604
1.1823361
1.0269122
1.0381685
1.0495
1.0580813
1.0664171
1.0804423
1.0917077
1.1009269
1.108589
1.1202182
1.1319066
1.1420532
1.1509311
1.1587541
1.1656911
1.1718782
model ('out_em/out_8to7/5/weights(8)(1)_1.npy', 'out_em/out_8to7/5/loss_train_(8)(1)_1.npy', 'out_em/out_8to7/5/loss_val(8)(1)_1.npy', 'weights(8)(1)_1.npy') completed
6.039131
5.4256387
4.897299
4.399924
3.8089852
3.0429199
2.1246383
1.372514
1.0286489
0.93244004
0.8899302
0.8709433
0.876903
0.88765794
0.9049523
0.9188796
0.9303069
0.9398293
0.9478687
0.9547325
0.9611861
0.96775484
0.97354245
0.97867405
0.9832511
model ('out_em/out_8to7/10/weights(8)(1)_2.npy', 'out_em/out_8to7/10/loss_train_(8)(1)_2.npy', 'out_em/out_8to7/10/loss_val(8)(1)_2.npy', 'weights(8)(1)_2.npy') completed
5.746687
4.974993
4.4375267
3.8805416
3.265222
2.5635881
1.7831333
1.161967
0.82841873
0.74606174
0.7511195
0.7707248
0.78898853
0.80682755
0.829171
0.8472141
0.8639921
0.8818923
0.900736
0.91967404
0.9363897
0.9509425
0.96370745
0.97497845
0.98499125
model ('out_em/out_8to7/10/weights(8)(1)_0.npy', 'out_em/out_8to7/10/loss_train_(8)(1)_0.npy', 'out_em/out_8to7/10/loss_val(8)(1)_0.npy', 'weights(8)(1)_0.npy') completed
6.5557804
5.543684
4.95599
4.3638167
3.6922255
2.8633456
1.9270165
1.191295
0.9389847
0.7990509
0.73860943
0.69884557
0.691964
0.697332
0.70326984
0.71441156
0.7287879
0.7464493
0.76147795
0.774401
0.7856153
0.7954257
0.8040703
0.8117362
0.8185748
model ('out_em/out_8to7/10/weights(8)(1)_1.npy', 'out_em/out_8to7/10/loss_train_(8)(1)_1.npy', 'out_em/out_8to7/10/loss_val(8)(1)_1.npy', 'weights(8)(1)_1.npy') completed
8.137832
5.501521
5.015325
4.489113
3.8713274
3.0798972
2.1447892
1.3350236
0.8766899
0.6825789
0.6013857
0.5919537
0.58663255
0.58625
0.59997797
0.61167705
0.6209907
0.62851346
0.63466495
0.63988155
0.6460887
0.65131897
0.65575886
0.6595524
0.6628134
model ('out_em/out_8to7/10/weights(8)(1)_3.npy', 'out_em/out_8to7/10/loss_train_(8)(1)_3.npy', 'out_em/out_8to7/10/loss_val(8)(1)_3.npy', 'weights(8)(1)_3.npy') completed
job finished
