Job runs on node:
lrdn4992
0.7541666
0.27880508
model ('out_em4/out_8to1/5/weights(8)(7)_1.npy', 'out_em4/out_8to1/5/loss_train_(8)(7)_1.npy', 'out_em4/out_8to1/5/loss_val(8)(7)_1.npy', 'weights(8)(7)_1.npy') completed
0.094557844
0.102058664
model ('out_em4/out_8to1/5/weights(8)(7)_2.npy', 'out_em4/out_8to1/5/loss_train_(8)(7)_2.npy', 'out_em4/out_8to1/5/loss_val(8)(7)_2.npy', 'weights(8)(7)_2.npy') completed
0.28794062
0.09914495
model ('out_em4/out_8to1/5/weights(8)(7)_3.npy', 'out_em4/out_8to1/5/loss_train_(8)(7)_3.npy', 'out_em4/out_8to1/5/loss_val(8)(7)_3.npy', 'weights(8)(7)_3.npy') completed
0.15104383
0.08974406
model ('out_em4/out_8to1/5/weights(8)(7)_0.npy', 'out_em4/out_8to1/5/loss_train_(8)(7)_0.npy', 'out_em4/out_8to1/5/loss_val(8)(7)_0.npy', 'weights(8)(7)_0.npy') completed
1.3554819
0.2351643
model ('out_em4/out_8to2/5/weights(8)(6)_1.npy', 'out_em4/out_8to2/5/loss_train_(8)(6)_1.npy', 'out_em4/out_8to2/5/loss_val(8)(6)_1.npy', 'weights(8)(6)_1.npy') completed
0.14654127
0.19048414
model ('out_em4/out_8to2/5/weights(8)(6)_0.npy', 'out_em4/out_8to2/5/loss_train_(8)(6)_0.npy', 'out_em4/out_8to2/5/loss_val(8)(6)_0.npy', 'weights(8)(6)_0.npy') completed
1.0513742
0.23704247
model ('out_em4/out_8to2/5/weights(8)(6)_2.npy', 'out_em4/out_8to2/5/loss_train_(8)(6)_2.npy', 'out_em4/out_8to2/5/loss_val(8)(6)_2.npy', 'weights(8)(6)_2.npy') completed
0.87920094
0.39877707
model ('out_em4/out_8to2/5/weights(8)(6)_3.npy', 'out_em4/out_8to2/5/loss_train_(8)(6)_3.npy', 'out_em4/out_8to2/5/loss_val(8)(6)_3.npy', 'weights(8)(6)_3.npy') completed
1.7628287
0.582289
model ('out_em4/out_8to3/5/weights(8)(5)_1.npy', 'out_em4/out_8to3/5/loss_train_(8)(5)_1.npy', 'out_em4/out_8to3/5/loss_val(8)(5)_1.npy', 'weights(8)(5)_1.npy') completed
1.7166148
0.58972746
model ('out_em4/out_8to3/5/weights(8)(5)_0.npy', 'out_em4/out_8to3/5/loss_train_(8)(5)_0.npy', 'out_em4/out_8to3/5/loss_val(8)(5)_0.npy', 'weights(8)(5)_0.npy') completed
2.07095
0.519419
model ('out_em4/out_8to3/5/weights(8)(5)_3.npy', 'out_em4/out_8to3/5/loss_train_(8)(5)_3.npy', 'out_em4/out_8to3/5/loss_val(8)(5)_3.npy', 'weights(8)(5)_3.npy') completed
1.7160542
0.37153032
model ('out_em4/out_8to3/5/weights(8)(5)_2.npy', 'out_em4/out_8to3/5/loss_train_(8)(5)_2.npy', 'out_em4/out_8to3/5/loss_val(8)(5)_2.npy', 'weights(8)(5)_2.npy') completed
4.8278313
0.7319648
model ('out_em4/out_8to4/5/weights(8)(4)_0.npy', 'out_em4/out_8to4/5/loss_train_(8)(4)_0.npy', 'out_em4/out_8to4/5/loss_val(8)(4)_0.npy', 'weights(8)(4)_0.npy') completed
2.185363
0.67011696
model ('out_em4/out_8to4/5/weights(8)(4)_4.npy', 'out_em4/out_8to4/5/loss_train_(8)(4)_4.npy', 'out_em4/out_8to4/5/loss_val(8)(4)_4.npy', 'weights(8)(4)_4.npy') completed
2.91428
0.68412495
model ('out_em4/out_8to4/5/weights(8)(4)_1.npy', 'out_em4/out_8to4/5/loss_train_(8)(4)_1.npy', 'out_em4/out_8to4/5/loss_val(8)(4)_1.npy', 'weights(8)(4)_1.npy') completed
4.2998443
0.49700934
model ('out_em4/out_8to4/5/weights(8)(4)_5.npy', 'out_em4/out_8to4/5/loss_train_(8)(4)_5.npy', 'out_em4/out_8to4/5/loss_val(8)(4)_5.npy', 'weights(8)(4)_5.npy') completed
2.2092242
0.5870212
model ('out_em4/out_8to4/5/weights(8)(4)_3.npy', 'out_em4/out_8to4/5/loss_train_(8)(4)_3.npy', 'out_em4/out_8to4/5/loss_val(8)(4)_3.npy', 'weights(8)(4)_3.npy') completed
1.9674017
0.55358315
model ('out_em4/out_8to4/5/weights(8)(4)_2.npy', 'out_em4/out_8to4/5/loss_train_(8)(4)_2.npy', 'out_em4/out_8to4/5/loss_val(8)(4)_2.npy', 'weights(8)(4)_2.npy') completed
7.748273
0.58693135
model ('out_em4/out_8to5/5/weights(8)(3)_0.npy', 'out_em4/out_8to5/5/loss_train_(8)(3)_0.npy', 'out_em4/out_8to5/5/loss_val(8)(3)_0.npy', 'weights(8)(3)_0.npy') completed
4.577962
0.6362623
model ('out_em4/out_8to5/5/weights(8)(3)_1.npy', 'out_em4/out_8to5/5/loss_train_(8)(3)_1.npy', 'out_em4/out_8to5/5/loss_val(8)(3)_1.npy', 'weights(8)(3)_1.npy') completed
4.445473
1.0813226
model ('out_em4/out_8to6/5/weights(8)(2)_1.npy', 'out_em4/out_8to6/5/loss_train_(8)(2)_1.npy', 'out_em4/out_8to6/5/loss_val(8)(2)_1.npy', 'weights(8)(2)_1.npy') completed
7.775609
0.6264709
model ('out_em4/out_8to6/5/weights(8)(2)_0.npy', 'out_em4/out_8to6/5/loss_train_(8)(2)_0.npy', 'out_em4/out_8to6/5/loss_val(8)(2)_0.npy', 'weights(8)(2)_0.npy') completed
8.25738
0.59411055
model ('out_em4/out_8to7/5/weights(8)(1)_0.npy', 'out_em4/out_8to7/5/loss_train_(8)(1)_0.npy', 'out_em4/out_8to7/5/loss_val(8)(1)_0.npy', 'weights(8)(1)_0.npy') completed
7.942129
0.7736572
model ('out_em4/out_8to7/5/weights(8)(1)_1.npy', 'out_em4/out_8to7/5/loss_train_(8)(1)_1.npy', 'out_em4/out_8to7/5/loss_val(8)(1)_1.npy', 'weights(8)(1)_1.npy') completed
job finished
