Job runs on node:
lrdn4992
0.08371234
0.08105481
0.07028091
0.069289245
0.07993382
0.10333718
0.13392024
0.1878457
0.22261107
0.2353837
0.23598202
0.23070595
0.22283494
0.21399376
0.20498416
0.19619761
0.18781717
0.17991804
0.17251857
0.16560876
0.15916438
0.15315497
0.14754811
0.14231169
0.13741522
model ('out_em2/out_8to1/5/weights(8)(7)_1.npy', 'out_em2/out_8to1/5/loss_train_(8)(7)_1.npy', 'out_em2/out_8to1/5/loss_val(8)(7)_1.npy', 'weights(8)(7)_1.npy') completed
0.1456805
0.10878379
0.0704987
0.041164577
0.028722959
0.024527382
0.051182926
0.07737526
0.09019279
0.09283699
0.09005521
0.08472394
0.07831737
0.07157307
0.066370316
0.0633064
0.06369378
0.06435114
0.06495389
0.065510556
0.06602724
0.06650864
0.06695858
0.06738013
0.067775995
model ('out_em2/out_8to1/5/weights(8)(7)_2.npy', 'out_em2/out_8to1/5/loss_train_(8)(7)_2.npy', 'out_em2/out_8to1/5/loss_val(8)(7)_2.npy', 'weights(8)(7)_2.npy') completed
0.11860184
0.079443574
0.046900503
0.03557849
0.034473255
0.046056274
0.055559136
0.08026708
0.09877487
0.10552292
0.10559013
0.10237018
0.097650975
0.09233626
0.08715225
0.08284157
0.07974217
0.0779921
0.07651193
0.07626128
0.075985625
0.07569573
0.075485975
0.077409334
0.0792919
model ('out_em2/out_8to1/5/weights(8)(7)_3.npy', 'out_em2/out_8to1/5/loss_train_(8)(7)_3.npy', 'out_em2/out_8to1/5/loss_val(8)(7)_3.npy', 'weights(8)(7)_3.npy') completed
0.07152916
0.04264117
0.023120852
0.02816784
0.03977499
0.05312617
0.070423245
0.08933426
0.101199195
0.10784993
0.107690565
0.10423236
0.09929075
0.09414978
0.09003052
0.085949086
0.082027115
0.07831955
0.07484597
0.07160713
0.06923521
0.06902957
0.06881013
0.06858276
0.06973354
model ('out_em2/out_8to1/5/weights(8)(7)_0.npy', 'out_em2/out_8to1/5/loss_train_(8)(7)_0.npy', 'out_em2/out_8to1/5/loss_val(8)(7)_0.npy', 'weights(8)(7)_0.npy') completed
0.8422408
0.65699667
0.5256968
0.41320682
0.32251877
0.27099425
0.24491596
0.27574986
0.3011228
0.31097445
0.3091344
0.3013155
0.29085633
0.27950698
0.27696744
0.29625478
0.3134184
0.32879603
0.3426551
0.35521084
0.36663905
0.37708497
0.38666984
0.39549556
0.40364864
model ('out_em2/out_8to2/5/weights(8)(6)_1.npy', 'out_em2/out_8to2/5/loss_train_(8)(6)_1.npy', 'out_em2/out_8to2/5/loss_val(8)(6)_1.npy', 'weights(8)(6)_1.npy') completed
0.588877
0.63074774
0.52644384
0.43627262
0.3584289
0.29100305
0.25608063
0.24474454
0.24537715
0.24463004
0.23803666
0.22834055
0.21735962
0.2061254
0.19696051
0.19377995
0.21025507
0.22502203
0.23833734
0.250407
0.26139903
0.27145216
0.28068203
0.2891859
0.2970463
model ('out_em2/out_8to2/5/weights(8)(6)_0.npy', 'out_em2/out_8to2/5/loss_train_(8)(6)_0.npy', 'out_em2/out_8to2/5/loss_val(8)(6)_0.npy', 'weights(8)(6)_0.npy') completed
0.59836584
0.67298186
0.59259087
0.51010597
0.4292427
0.35124773
0.27045122
0.21250014
0.18415612
0.16265637
0.16200882
0.16970949
0.17427728
0.1752658
0.17417641
0.1757386
0.1867088
0.1962666
0.20471004
0.2122525
0.22067949
0.22913076
0.23685434
0.24394281
0.2512213
model ('out_em2/out_8to2/5/weights(8)(6)_2.npy', 'out_em2/out_8to2/5/loss_train_(8)(6)_2.npy', 'out_em2/out_8to2/5/loss_val(8)(6)_2.npy', 'weights(8)(6)_2.npy') completed
1.004646
1.2128186
1.1072822
0.98150575
0.82734543
0.6309845
0.44265774
0.33009383
0.28630185
0.24898994
0.21598345
0.20171744
0.1953884
0.18905902
0.18815105
0.18928888
0.18991922
0.19021744
0.19364308
0.19658805
0.1994847
0.20208469
0.20660368
0.21209049
0.21712448
model ('out_em2/out_8to2/5/weights(8)(6)_3.npy', 'out_em2/out_8to2/5/loss_train_(8)(6)_3.npy', 'out_em2/out_8to2/5/loss_val(8)(6)_3.npy', 'weights(8)(6)_3.npy') completed
1.2133024
1.9163979
1.7993476
1.6516095
1.4616413
1.251315
0.9805496
0.725722
0.5902446
0.5173392
0.4581156
0.4081942
0.38735053
0.36846626
0.36582544
0.36433184
0.3661055
0.36666963
0.36643714
0.36691308
0.36971703
0.3719233
0.3736652
0.37504405
0.3761363
model ('out_em2/out_8to3/5/weights(8)(5)_1.npy', 'out_em2/out_8to3/5/loss_train_(8)(5)_1.npy', 'out_em2/out_8to3/5/loss_val(8)(5)_1.npy', 'weights(8)(5)_1.npy') completed
7.8752866
0.65184855
0.5578001
0.47269362
0.38476768
0.3389858
0.30927712
0.3015234
0.31572437
0.31971577
0.31929523
0.3189956
0.31679177
0.31368703
0.31020012
0.3212019
0.33587533
0.34873617
0.3601088
0.37024224
0.37933153
0.38753203
0.3949692
0.40174574
0.4079464
model ('out_em2/out_8to3/5/weights(8)(5)_0.npy', 'out_em2/out_8to3/5/loss_train_(8)(5)_0.npy', 'out_em2/out_8to3/5/loss_val(8)(5)_0.npy', 'weights(8)(5)_0.npy') completed
1.0173076
2.0514302
1.9790334
1.8817575
1.7199559
1.4899504
1.1622956
0.8448892
0.6188227
0.4898604
0.419689
0.3648017
0.32412255
0.32190108
0.31768626
0.32551816
0.33440012
0.34194946
0.34844038
0.3540771
0.35901552
0.36338845
0.36727688
0.37075555
0.37388468
model ('out_em2/out_8to3/5/weights(8)(5)_3.npy', 'out_em2/out_8to3/5/loss_train_(8)(5)_3.npy', 'out_em2/out_8to3/5/loss_val(8)(5)_3.npy', 'weights(8)(5)_3.npy') completed
1.3787405
1.4654399
1.4118663
1.3553962
1.2849846
1.1708689
0.9872526
0.778057
0.60926026
0.49438742
0.43245372
0.39507833
0.37052363
0.35974264
0.35245058
0.3511286
0.35550854
0.36047488
0.36497328
0.36904684
0.38227516
0.39811745
0.41251713
0.42566454
0.43771753
model ('out_em2/out_8to3/5/weights(8)(5)_2.npy', 'out_em2/out_8to3/5/loss_train_(8)(5)_2.npy', 'out_em2/out_8to3/5/loss_val(8)(5)_2.npy', 'weights(8)(5)_2.npy') completed
2.3194273
2.1010234
1.9873068
1.835996
1.6304107
1.3583407
1.0936176
0.8378886
0.64563584
0.5250617
0.4591024
0.44240195
0.4470338
0.44741523
0.44536343
0.44196337
0.43784192
0.43355998
0.44564742
0.45933038
0.47129887
0.48185477
0.49123278
0.49961805
0.507159
model ('out_em2/out_8to4/5/weights(8)(4)_0.npy', 'out_em2/out_8to4/5/loss_train_(8)(4)_0.npy', 'out_em2/out_8to4/5/loss_val(8)(4)_0.npy', 'weights(8)(4)_0.npy') completed
2.6642375
2.3000154
2.1944542
2.0459647
1.8417423
1.6017386
1.2854086
0.979528
0.7521045
0.5969982
0.5143951
0.46132547
0.42141753
0.39002544
0.36833233
0.35584706
0.35414672
0.35618854
0.35773534
0.3589096
0.35979944
0.3604696
0.3609685
0.36133268
0.3615902
model ('out_em2/out_8to4/5/weights(8)(4)_1.npy', 'out_em2/out_8to4/5/loss_train_(8)(4)_1.npy', 'out_em2/out_8to4/5/loss_val(8)(4)_1.npy', 'weights(8)(4)_1.npy') completed
0.99176645
1.9268997
1.8838118
1.8159217
1.6982377
1.4989837
1.1909422
0.8665464
0.67438906
0.5602319
0.48079038
0.44987422
0.42947698
0.43293315
0.44098702
0.44655457
0.45040745
0.45305064
0.4548245
0.45596412
0.4566355
0.45695814
0.45701936
0.4568839
0.4566003
model ('out_em2/out_8to4/5/weights(8)(4)_3.npy', 'out_em2/out_8to4/5/loss_train_(8)(4)_3.npy', 'out_em2/out_8to4/5/loss_val(8)(4)_3.npy', 'weights(8)(4)_3.npy') completed
2.0568995
2.1253498
1.9573679
1.760567
1.5252106
1.2369224
0.927995
0.7184311
0.5819181
0.5715599
0.5893562
0.59952116
0.61175406
0.62206244
0.62966317
0.6394794
0.657256
0.67537326
0.6908688
0.70428324
0.7159687
0.7262374
0.7353302
0.74343646
0.75070703
model ('out_em2/out_8to4/5/weights(8)(4)_2.npy', 'out_em2/out_8to4/5/loss_train_(8)(4)_2.npy', 'out_em2/out_8to4/5/loss_val(8)(4)_2.npy', 'weights(8)(4)_2.npy') completed
5.499654
3.771889
3.6909401
3.543258
3.2877774
2.8320777
2.1522427
1.5113859
1.0947746
0.8812866
0.74106765
0.6784636
0.658951
0.64759755
0.6396519
0.6405423
0.6418786
0.6459602
0.65066016
0.66003376
0.6684208
0.6759725
0.6828102
0.68903214
0.6947192
model ('out_em2/out_8to5/5/weights(8)(3)_2.npy', 'out_em2/out_8to5/5/loss_train_(8)(3)_2.npy', 'out_em2/out_8to5/5/loss_val(8)(3)_2.npy', 'weights(8)(3)_2.npy') completed
7.802405
2.1957223
2.1378734
2.0441287
1.8966362
1.6398351
1.2553194
0.8654113
0.6269406
0.68516374
0.7190069
0.73889375
0.75067925
0.7579225
0.7682261
0.7773215
0.79772234
0.8145114
0.82854086
0.84041715
0.85058373
0.85937154
0.867033
0.8737631
0.87971544
model ('out_em2/out_8to5/5/weights(8)(3)_0.npy', 'out_em2/out_8to5/5/loss_train_(8)(3)_0.npy', 'out_em2/out_8to5/5/loss_val(8)(3)_0.npy', 'weights(8)(3)_0.npy') completed
3.7096214
1.828595
1.726957
1.6207728
1.4655315
1.2204967
0.9162463
0.66580105
0.71593016
0.80235565
0.85899836
0.8948368
0.9163361
0.92934823
0.9371549
0.96973693
0.9981125
1.0221875
1.0428724
1.0608352
1.0765778
1.0904849
1.1028575
1.1139337
1.1239051
model ('out_em2/out_8to5/5/weights(8)(3)_1.npy', 'out_em2/out_8to5/5/loss_train_(8)(3)_1.npy', 'out_em2/out_8to5/5/loss_val(8)(3)_1.npy', 'weights(8)(3)_1.npy') completed
7.569064
1.9348642
1.8156385
1.6773041
1.5207108
1.3035321
1.0008398
0.7424203
0.6103231
0.5425322
0.5580935
0.5956209
0.61894524
0.63987243
0.6729832
0.70010376
0.7227361
0.7419118
0.7583652
0.7726344
0.7851237
0.796143
0.80593455
0.81468976
0.8225627
model ('out_em2/out_8to5/5/weights(8)(3)_3.npy', 'out_em2/out_8to5/5/loss_train_(8)(3)_3.npy', 'out_em2/out_8to5/5/loss_val(8)(3)_3.npy', 'weights(8)(3)_3.npy') completed
4.3735704
3.6126487
3.5305223
3.385946
3.1432621
2.7206953
2.0815742
1.4434174
0.98204565
0.71903414
0.56158346
0.4780154
0.43151686
0.4155721
0.40888506
0.40627277
0.40505198
0.40873516
0.41190648
0.4179247
0.42875436
0.43881464
0.45406845
0.46896613
0.48255843
model ('out_em2/out_8to6/5/weights(8)(2)_3.npy', 'out_em2/out_8to6/5/loss_train_(8)(2)_3.npy', 'out_em2/out_8to6/5/loss_val(8)(2)_3.npy', 'weights(8)(2)_3.npy') completed
4.0252376
3.831923
3.7506971
3.6039371
3.3567147
2.9315524
2.3072689
1.684355
1.2350583
0.9588781
0.82984185
0.7385207
0.6758026
0.6399527
0.6111754
0.58643943
0.5648912
0.5459172
0.5336849
0.52809715
0.5231343
0.53378487
0.54779524
0.5605715
0.57227194
model ('out_em2/out_8to6/5/weights(8)(2)_1.npy', 'out_em2/out_8to6/5/loss_train_(8)(2)_1.npy', 'out_em2/out_8to6/5/loss_val(8)(2)_1.npy', 'weights(8)(2)_1.npy') completed
5.204084
3.9335802
3.848892
3.6936576
3.4253137
2.9663653
2.2924063
1.6095598
1.1419882
0.88573503
0.7392295
0.6327525
0.55156994
0.48731703
0.4456603
0.44026017
0.4352681
0.4313249
0.43798077
0.4471054
0.46003014
0.47332627
0.49086034
0.51222587
0.5318372
model ('out_em2/out_8to6/5/weights(8)(2)_2.npy', 'out_em2/out_8to6/5/loss_train_(8)(2)_2.npy', 'out_em2/out_8to6/5/loss_val(8)(2)_2.npy', 'weights(8)(2)_2.npy') completed
4.9148645
3.5803397
3.499139
3.3564715
3.120329
2.7154562
2.1163235
1.5020165
1.0816507
0.8473445
0.75637186
0.69836223
0.65248483
0.62784463
0.60867417
0.605365
0.6041681
0.60328096
0.6026187
0.60212266
0.6045812
0.6123735
0.61948025
0.6259889
0.63197255
model ('out_em2/out_8to6/5/weights(8)(2)_0.npy', 'out_em2/out_8to6/5/loss_train_(8)(2)_0.npy', 'out_em2/out_8to6/5/loss_val(8)(2)_0.npy', 'weights(8)(2)_0.npy') completed
6.904451
0.74437875
0.6915455
0.62659365
0.5382371
0.41499615
0.27508855
0.20881268
0.21852031
0.24033183
0.2535517
0.2621394
0.26806358
0.27234435
0.27554873
0.27801374
0.27995148
0.28150183
0.2827605
0.28379506
0.28465456
0.28537518
0.28598434
0.286503
0.28694737
model ('out_em2/out_8to7/5/weights(8)(1)_2.npy', 'out_em2/out_8to7/5/loss_train_(8)(1)_2.npy', 'out_em2/out_8to7/5/loss_val(8)(1)_2.npy', 'weights(8)(1)_2.npy') completed
4.8155622
2.6455946
2.5202365
2.3564858
2.1246564
1.7746215
1.3139248
0.89369714
0.6125368
0.4406893
0.37656316
0.33922723
0.3124158
0.29229388
0.27666646
0.264199
0.2579838
0.25609508
0.25915277
0.26507372
0.27027583
0.27488282
0.2815231
0.28756404
0.29295635
model ('out_em2/out_8to7/5/weights(8)(1)_0.npy', 'out_em2/out_8to7/5/loss_train_(8)(1)_0.npy', 'out_em2/out_8to7/5/loss_val(8)(1)_0.npy', 'weights(8)(1)_0.npy') completed
8.321886
0.33773333
0.32336706
0.3052417
0.28168356
0.24874914
0.22017741
0.2098277
0.21268073
0.22027403
0.22480868
0.22768062
0.22959453
0.23092076
0.23186694
0.23255694
0.23306838
0.23345204
0.23374233
0.2339631
0.23413137
0.2342595
0.2343566
0.2344295
0.23448336
model ('out_em2/out_8to7/5/weights(8)(1)_1.npy', 'out_em2/out_8to7/5/loss_train_(8)(1)_1.npy', 'out_em2/out_8to7/5/loss_val(8)(1)_1.npy', 'weights(8)(1)_1.npy') completed
6.8223314
0.51305026
0.49694148
0.47595662
0.44821972
0.4120979
0.3741319
0.34860888
0.33759728
0.3344394
0.33455205
0.33593577
0.33880845
0.34163716
0.34420893
0.3465342
0.34863487
0.3505355
0.3522594
0.35382771
0.35525897
0.35656926
0.3577726
0.358881
0.35990483
model ('out_em2/out_8to7/5/weights(8)(1)_3.npy', 'out_em2/out_8to7/5/loss_train_(8)(1)_3.npy', 'out_em2/out_8to7/5/loss_val(8)(1)_3.npy', 'weights(8)(1)_3.npy') completed
job finished
