Job runs on node:
lrdn4983
0.2112054
0.13966076
0.1180909
0.14380628
0.18867953
0.19370843
0.19475825
0.19190848
0.18553254
0.17437015
0.16255152
0.1517346
0.14211601
0.13352701
0.12585768
0.1189474
0.1127103
0.10706578
0.10194172
0.09727511
0.09415706
0.091364376
0.08933225
0.08963672
0.09073446
model ('out_em2/out_8to1/5/weights(8)(7)_1.npy', 'out_em2/out_8to1/5/loss_train_(8)(7)_1.npy', 'out_em2/out_8to1/5/loss_val(8)(7)_1.npy', 'weights(8)(7)_1.npy') completed
0.43780637
0.26982164
0.17694925
0.14616801
0.13697283
0.13070758
0.11046953
0.102814496
0.10657103
0.10999003
0.110070705
0.11108146
0.11376172
0.12016654
0.12515359
0.12912573
0.13234887
0.1350053
0.13722374
0.13909756
0.14069612
0.14207187
0.14329435
0.1444851
0.14553927
model ('out_em2/out_8to1/5/weights(8)(7)_2.npy', 'out_em2/out_8to1/5/loss_train_(8)(7)_2.npy', 'out_em2/out_8to1/5/loss_val(8)(7)_2.npy', 'weights(8)(7)_2.npy') completed
0.65130883
0.5679744
0.46140417
0.36057618
0.27769232
0.22147077
0.20330876
0.19243109
0.210768
0.21435548
0.21035159
0.20332251
0.19529496
0.18716313
0.17931888
0.1734937
0.16883524
0.16418883
0.15964615
0.15525839
0.15105224
0.14704198
0.14816535
0.15323861
0.15792523
model ('out_em2/out_8to1/5/weights(8)(7)_3.npy', 'out_em2/out_8to1/5/loss_train_(8)(7)_3.npy', 'out_em2/out_8to1/5/loss_val(8)(7)_3.npy', 'weights(8)(7)_3.npy') completed
0.1859196
0.08160742
0.07092337
0.10187394
0.15290043
0.19001812
0.20852956
0.20901474
0.19911036
0.18583985
0.17247157
0.16014004
0.14915133
0.1393829
0.13073231
0.12440892
0.11933855
0.11469529
0.110440634
0.106536366
0.102946796
0.09963908
0.09658415
0.09375604
0.09113192
model ('out_em2/out_8to1/5/weights(8)(7)_0.npy', 'out_em2/out_8to1/5/loss_train_(8)(7)_0.npy', 'out_em2/out_8to1/5/loss_val(8)(7)_0.npy', 'weights(8)(7)_0.npy') completed
1.1041214
0.859979
0.75984055
0.69789183
0.64385456
0.5666382
0.45319888
0.4064131
0.37230995
0.34504807
0.32622692
0.31503093
0.30211496
0.2890048
0.2764072
0.26549774
0.25525343
0.24569175
0.2374698
0.23221838
0.22737223
0.22699706
0.2355153
0.24336228
0.25061402
model ('out_em2/out_8to2/5/weights(8)(6)_1.npy', 'out_em2/out_8to2/5/loss_train_(8)(6)_1.npy', 'out_em2/out_8to2/5/loss_val(8)(6)_1.npy', 'weights(8)(6)_1.npy') completed
1.1141082
0.8520638
0.6300005
0.46141365
0.3637465
0.31887656
0.29798177
0.2777335
0.26299644
0.24552543
0.24763761
0.24226487
0.23998214
0.24369206
0.24694352
0.25052333
0.26081014
0.27042204
0.27914894
0.28710434
0.2943872
0.3010677
0.30721515
0.31288895
0.31814042
model ('out_em2/out_8to2/5/weights(8)(6)_0.npy', 'out_em2/out_8to2/5/loss_train_(8)(6)_0.npy', 'out_em2/out_8to2/5/loss_val(8)(6)_0.npy', 'weights(8)(6)_0.npy') completed
1.0840052
0.9006557
0.7303571
0.65735793
0.623013
0.5433098
0.42257562
0.3116231
0.27148092
0.25839913
0.25708425
0.2550802
0.25255013
0.24987687
0.2472423
0.24472985
0.24237324
0.24018206
0.23815325
0.23627776
0.23454456
0.23370157
0.24023438
0.24625826
0.2518314
model ('out_em2/out_8to2/5/weights(8)(6)_2.npy', 'out_em2/out_8to2/5/loss_train_(8)(6)_2.npy', 'out_em2/out_8to2/5/loss_val(8)(6)_2.npy', 'weights(8)(6)_2.npy') completed
0.82022476
0.6515394
0.46976736
0.3377177
0.27527228
0.27877244
0.29522157
0.28641963
0.256537
0.25743395
0.2734035
0.28015345
0.28107113
0.27874258
0.2760916
0.28393546
0.2904998
0.29608005
0.30088645
0.30507267
0.308754
0.31201836
0.31493428
0.3175559
0.31992644
model ('out_em2/out_8to2/5/weights(8)(6)_3.npy', 'out_em2/out_8to2/5/loss_train_(8)(6)_3.npy', 'out_em2/out_8to2/5/loss_val(8)(6)_3.npy', 'weights(8)(6)_3.npy') completed
1.8480065
1.6282905
1.5282964
1.4408377
1.3590492
1.2240446
1.0055606
0.77329457
0.61136186
0.54677874
0.52742803
0.5089285
0.49160114
0.47568768
0.4611935
0.4517677
0.46142417
0.46999973
0.47765929
0.48453704
0.4907439
0.49637073
0.5016318
0.5064476
0.5187494
model ('out_em2/out_8to3/5/weights(8)(5)_1.npy', 'out_em2/out_8to3/5/loss_train_(8)(5)_1.npy', 'out_em2/out_8to3/5/loss_val(8)(5)_1.npy', 'weights(8)(5)_1.npy') completed
1.7525289
1.5470531
1.3082246
1.1393595
1.0519159
0.94008875
0.7619572
0.5820412
0.5241715
0.5001438
0.4875294
0.46558332
0.4403833
0.4166048
0.39974868
0.38423562
0.37181032
0.37361827
0.37799543
0.38192022
0.3854667
0.38995168
0.3944108
0.39847302
0.4023271
model ('out_em2/out_8to3/5/weights(8)(5)_0.npy', 'out_em2/out_8to3/5/loss_train_(8)(5)_0.npy', 'out_em2/out_8to3/5/loss_val(8)(5)_0.npy', 'weights(8)(5)_0.npy') completed
2.5199764
2.0112662
1.7747157
1.5506978
1.3002856
0.99805516
0.72755617
0.5819723
0.5094069
0.49288675
0.49004614
0.5037122
0.5113862
0.51665175
0.518468
0.51817894
0.51695675
0.52047694
0.5230254
0.52487075
0.5264099
0.52817845
0.5295914
0.5307251
0.5316373
model ('out_em2/out_8to3/5/weights(8)(5)_3.npy', 'out_em2/out_8to3/5/loss_train_(8)(5)_3.npy', 'out_em2/out_8to3/5/loss_val(8)(5)_3.npy', 'weights(8)(5)_3.npy') completed
2.3452766
1.7427707
1.4575279
1.1851473
0.9521686
0.76477283
0.5933708
0.5101321
0.49424583
0.48394534
0.48055783
0.4691005
0.45352817
0.4366703
0.41984722
0.40366745
0.3927631
0.41581154
0.43633375
0.45473185
0.47132465
0.48636898
0.500074
0.5134516
0.5257744
model ('out_em2/out_8to3/5/weights(8)(5)_2.npy', 'out_em2/out_8to3/5/loss_train_(8)(5)_2.npy', 'out_em2/out_8to3/5/loss_val(8)(5)_2.npy', 'weights(8)(5)_2.npy') completed
1.7389739
2.243918
2.0232923
1.8404974
1.6595087
1.4133712
1.1388063
0.9059869
0.8371521
0.8548845
0.8675433
0.8757048
0.87793624
0.8767088
0.8873789
0.9166851
0.9433798
0.96864665
0.9924911
1.0136185
1.0324649
1.0493776
1.0646373
1.0784729
1.0910734
model ('out_em2/out_8to4/5/weights(8)(4)_0.npy', 'out_em2/out_8to4/5/loss_train_(8)(4)_0.npy', 'out_em2/out_8to4/5/loss_val(8)(4)_0.npy', 'weights(8)(4)_0.npy') completed
4.237386
3.3424556
3.0285316
2.732663
2.3730392
1.9142709
1.3850613
0.9954102
0.7661067
0.6545038
0.58710754
0.55071145
0.55884033
0.5656725
0.5742264
0.5872068
0.59789497
0.6067951
0.61428
0.6225652
0.63120645
0.63905543
0.646018
0.65223473
0.65781844
model ('out_em2/out_8to4/5/weights(8)(4)_4.npy', 'out_em2/out_8to4/5/loss_train_(8)(4)_4.npy', 'out_em2/out_8to4/5/loss_val(8)(4)_4.npy', 'weights(8)(4)_4.npy') completed
2.2322013
2.7951329
2.4800694
2.1361237
1.7718422
1.4197211
1.0417895
0.7407186
0.5617366
0.4893222
0.48568493
0.5037594
0.5225291
0.5427082
0.5615139
0.576685
0.5891327
0.5994929
0.6082217
0.61565447
0.6220432
0.6275799
0.6324147
0.63666403
0.6442478
model ('out_em2/out_8to4/5/weights(8)(4)_1.npy', 'out_em2/out_8to4/5/loss_train_(8)(4)_1.npy', 'out_em2/out_8to4/5/loss_val(8)(4)_1.npy', 'weights(8)(4)_1.npy') completed
3.079476
2.796616
2.4646502
2.1803966
1.8733504
1.5191997
1.1727176
0.922335
0.7963723
0.7391403
0.6968011
0.6566093
0.63725764
0.6285603
0.6193643
0.612573
0.6101917
0.60731643
0.6041712
0.60128504
0.59849256
0.6022847
0.60985464
0.61669767
0.62284917
model ('out_em2/out_8to4/5/weights(8)(4)_5.npy', 'out_em2/out_8to4/5/loss_train_(8)(4)_5.npy', 'out_em2/out_8to4/5/loss_val(8)(4)_5.npy', 'weights(8)(4)_5.npy') completed
4.8890033
3.8067162
3.3360531
2.9118502
2.500634
1.9892601
1.542213
1.1903427
0.9225496
0.73703974
0.61143863
0.54914486
0.5240457
0.522802
0.52886844
0.5334899
0.5370565
0.5398368
0.5420211
0.54374653
0.5451145
0.54620105
0.5470643
0.54774797
0.5482874
model ('out_em2/out_8to4/5/weights(8)(4)_3.npy', 'out_em2/out_8to4/5/loss_train_(8)(4)_3.npy', 'out_em2/out_8to4/5/loss_val(8)(4)_3.npy', 'weights(8)(4)_3.npy') completed
1.7762429
2.0321002
1.725992
1.580595
1.4510598
1.2143067
0.86210215
0.57897604
0.49159697
0.50562865
0.55121106
0.58920497
0.61638296
0.63560605
0.6514954
0.6643541
0.6744537
0.68249977
0.6889868
0.6942704
0.6986115
0.7022051
0.70519996
0.70796
0.7163875
model ('out_em2/out_8to4/5/weights(8)(4)_2.npy', 'out_em2/out_8to4/5/loss_train_(8)(4)_2.npy', 'out_em2/out_8to4/5/loss_val(8)(4)_2.npy', 'weights(8)(4)_2.npy') completed
4.452739
4.313562
4.010552
3.7455626
3.399729
2.8972375
2.2343676
1.5916457
1.1374342
0.85093385
0.7083249
0.61708057
0.55256927
0.5232746
0.5229615
0.52845526
0.5365783
0.5472288
0.5563595
0.5642653
0.57391185
0.5856488
0.5962521
0.60587895
0.61465883
model ('out_em2/out_8to5/5/weights(8)(3)_0.npy', 'out_em2/out_8to5/5/loss_train_(8)(3)_0.npy', 'out_em2/out_8to5/5/loss_val(8)(3)_0.npy', 'weights(8)(3)_0.npy') completed
4.6274056
3.9311497
3.741211
3.521966
3.2094662
2.7676847
2.1250093
1.483037
1.0833344
0.87278855
0.7635567
0.7587832
0.75299335
0.74687654
0.74076426
0.73482084
0.72912633
0.72371596
0.71860033
0.7137765
0.709234
0.7049583
0.70093405
0.6971441
0.6935727
model ('out_em2/out_8to5/5/weights(8)(3)_1.npy', 'out_em2/out_8to5/5/loss_train_(8)(3)_1.npy', 'out_em2/out_8to5/5/loss_val(8)(3)_1.npy', 'weights(8)(3)_1.npy') completed
8.383879
2.7179327
2.2999547
1.9559108
1.667639
1.4330698
1.1601119
0.91855353
0.8040307
0.7587648
0.72956884
0.70518106
0.6844211
0.6732087
0.66521466
0.6579856
0.6529207
0.6496027
0.65775275
0.66776663
0.6782532
0.6875389
0.6963228
0.7059495
0.7155947
model ('out_em2/out_8to6/5/weights(8)(2)_1.npy', 'out_em2/out_8to6/5/loss_train_(8)(2)_1.npy', 'out_em2/out_8to6/5/loss_val(8)(2)_1.npy', 'weights(8)(2)_1.npy') completed
5.244577
4.5765347
4.17549
3.8840187
3.5247204
2.9991558
2.2854128
1.6122818
1.1466783
0.9063509
0.77685434
0.6841635
0.61416894
0.58402896
0.5606501
0.5401824
0.5404263
0.5410843
0.5418153
0.54257643
0.5433419
0.5440957
0.5448289
0.55404854
0.5689682
model ('out_em2/out_8to6/5/weights(8)(2)_0.npy', 'out_em2/out_8to6/5/loss_train_(8)(2)_0.npy', 'out_em2/out_8to6/5/loss_val(8)(2)_0.npy', 'weights(8)(2)_0.npy') completed
5.4426007
5.5541945
5.081681
4.5604844
3.9366133
3.119913
2.1360605
1.2779775
0.85958546
0.65267634
0.57427096
0.5624832
0.5701552
0.576596
0.5832503
0.6038184
0.6268892
0.648303
0.6662195
0.6813838
0.69460815
0.7080925
0.7202847
0.73232806
0.7429727
model ('out_em2/out_8to7/5/weights(8)(1)_0.npy', 'out_em2/out_8to7/5/loss_train_(8)(1)_0.npy', 'out_em2/out_8to7/5/loss_val(8)(1)_0.npy', 'weights(8)(1)_0.npy') completed
8.283245
3.9376655
3.4843948
3.0341103
2.539757
1.9431366
1.2732947
0.7558785
0.5075952
0.4652225
0.47865364
0.4958318
0.5124716
0.53416705
0.56025404
0.58184636
0.6005293
0.6194837
0.6392046
0.65630114
0.67330295
0.68876714
0.702418
0.7145421
0.72537154
model ('out_em2/out_8to7/5/weights(8)(1)_1.npy', 'out_em2/out_8to7/5/loss_train_(8)(1)_1.npy', 'out_em2/out_8to7/5/loss_val(8)(1)_1.npy', 'weights(8)(1)_1.npy') completed
job finished
