Job runs on node:
lrdn4989
0.021017367
0.018782616
0.010469529
0.014258041
0.029035684
0.049680643
0.06733139
0.0816548
0.090392105
0.09793714
0.103664935
0.1081974
0.11190565
0.11500747
0.11764303
0.11990942
0.12187748
0.12360065
0.12512039
0.12646939
0.1276738
0.12875481
0.12972982
0.13061309
0.13141659
model ('out_em3/out_8to1/5/weights(8)(7)_1.npy', 'out_em3/out_8to1/5/loss_train_(8)(7)_1.npy', 'out_em3/out_8to1/5/loss_val(8)(7)_1.npy', 'weights(8)(7)_1.npy') completed
0.2705688
0.17346793
0.13123274
0.10349981
0.08074843
0.073094524
0.06673649
0.07813631
0.09122132
0.10539195
0.118559636
0.12870578
0.1371522
0.14465836
0.1511918
0.158887
0.16703972
0.17424923
0.18066745
0.18641561
0.19159156
0.19627517
0.20053226
0.20441759
0.207977
model ('out_em3/out_8to1/5/weights(8)(7)_2.npy', 'out_em3/out_8to1/5/loss_train_(8)(7)_2.npy', 'out_em3/out_8to1/5/loss_val(8)(7)_2.npy', 'weights(8)(7)_2.npy') completed
0.28128436
0.27008677
0.22739594
0.18744564
0.14963983
0.117363624
0.08594447
0.0766108
0.08251069
0.092214
0.10389958
0.114471145
0.12258725
0.13520253
0.14831147
0.15993702
0.17027949
0.17953639
0.18786724
0.19540218
0.20224841
0.20849496
0.21421634
0.21947539
0.2243254
model ('out_em3/out_8to1/5/weights(8)(7)_3.npy', 'out_em3/out_8to1/5/loss_train_(8)(7)_3.npy', 'out_em3/out_8to1/5/loss_val(8)(7)_3.npy', 'weights(8)(7)_3.npy') completed
0.18404406
0.102285326
0.06149834
0.031610128
0.013949709
0.021158729
0.04142878
0.060193777
0.070975065
0.07600481
0.07694725
0.07585283
0.07380694
0.07135239
0.068759255
0.066361025
0.06739344
0.06828904
0.06941794
0.07246831
0.0752601
0.07782231
0.08018031
0.082356304
0.084369615
model ('out_em3/out_8to1/5/weights(8)(7)_0.npy', 'out_em3/out_8to1/5/loss_train_(8)(7)_0.npy', 'out_em3/out_8to1/5/loss_val(8)(7)_0.npy', 'weights(8)(7)_0.npy') completed
0.83636487
0.82337373
0.7025459
0.56980985
0.43105024
0.2967068
0.21661042
0.18544504
0.1980187
0.20535916
0.23663947
0.26731113
0.29050162
0.30882102
0.32379285
0.3363527
0.34710452
0.3564559
0.3646933
0.3720249
0.3786063
0.38501602
0.39282462
0.3999645
0.40651864
model ('out_em3/out_8to2/5/weights(8)(6)_1.npy', 'out_em3/out_8to2/5/loss_train_(8)(6)_1.npy', 'out_em3/out_8to2/5/loss_val(8)(6)_1.npy', 'weights(8)(6)_1.npy') completed
0.26774418
0.2605621
0.19569525
0.15282808
0.13410835
0.13622057
0.15372741
0.16380128
0.16977467
0.17489643
0.1813612
0.1831298
0.18236244
0.18020786
0.17729737
0.1740456
0.17706831
0.17975579
0.19237493
0.2062889
0.2190129
0.230687
0.24143168
0.25135043
0.26053265
model ('out_em3/out_8to2/5/weights(8)(6)_0.npy', 'out_em3/out_8to2/5/loss_train_(8)(6)_0.npy', 'out_em3/out_8to2/5/loss_val(8)(6)_0.npy', 'weights(8)(6)_0.npy') completed
0.13728309
0.08749032
0.059019417
0.055496685
0.08227479
0.109488904
0.13153821
0.13664183
0.14840718
0.16412637
0.16964719
0.16958885
0.16660234
0.16212928
0.15695634
0.15151864
0.14605893
0.14071201
0.13726489
0.13468519
0.13206176
0.12943974
0.12684941
0.12507872
0.12586936
model ('out_em3/out_8to2/5/weights(8)(6)_2.npy', 'out_em3/out_8to2/5/loss_train_(8)(6)_2.npy', 'out_em3/out_8to2/5/loss_val(8)(6)_2.npy', 'weights(8)(6)_2.npy') completed
1.0547444
0.9765478
0.90150267
0.8281842
0.7469843
0.6398118
0.4937133
0.35837075
0.31970343
0.29351434
0.30572832
0.3177257
0.3461246
0.3877057
0.42327306
0.45411813
0.48116505
0.5050986
0.52644104
0.5455999
0.56289923
0.57860047
0.59291726
0.6060264
0.61807555
model ('out_em3/out_8to2/5/weights(8)(6)_3.npy', 'out_em3/out_8to2/5/loss_train_(8)(6)_3.npy', 'out_em3/out_8to2/5/loss_val(8)(6)_3.npy', 'weights(8)(6)_3.npy') completed
2.199166
2.5528595
2.3914845
2.197352
1.9543655
1.631377
1.2363038
0.8856362
0.6526323
0.5168246
0.42879927
0.38323826
0.35304415
0.34356356
0.3434651
0.34404698
0.34540454
0.34648544
0.34737417
0.3490151
0.3504956
0.35183957
0.35352945
0.3553613
0.35707045
model ('out_em3/out_8to3/5/weights(8)(5)_1.npy', 'out_em3/out_8to3/5/loss_train_(8)(5)_1.npy', 'out_em3/out_8to3/5/loss_val(8)(5)_1.npy', 'weights(8)(5)_1.npy') completed
1.1868072
1.545379
1.4236484
1.2700422
1.0760009
0.8345023
0.5970469
0.44762775
0.37520534
0.36905786
0.35883063
0.3585563
0.3549624
0.35077947
0.35161597
0.36165607
0.37405038
0.38473672
0.39405575
0.40226123
0.40954646
0.41606152
0.42299992
0.43223107
0.4441734
model ('out_em3/out_8to3/5/weights(8)(5)_0.npy', 'out_em3/out_8to3/5/loss_train_(8)(5)_0.npy', 'out_em3/out_8to3/5/loss_val(8)(5)_0.npy', 'weights(8)(5)_0.npy') completed
0.72760046
1.3353031
1.2474369
1.1431494
1.0338254
0.9049562
0.7323112
0.58375865
0.4704069
0.39652595
0.35149717
0.32056713
0.30730218
0.30403903
0.29973114
0.30126154
0.3056273
0.3090494
0.31593546
0.32553303
0.33420205
0.34349355
0.35334933
0.3623173
0.3708481
model ('out_em3/out_8to3/5/weights(8)(5)_3.npy', 'out_em3/out_8to3/5/loss_train_(8)(5)_3.npy', 'out_em3/out_8to3/5/loss_val(8)(5)_3.npy', 'weights(8)(5)_3.npy') completed
0.7866538
1.3565501
1.2818708
1.2100204
1.1134075
0.934378
0.7103062
0.4997624
0.3556343
0.3253368
0.35479975
0.38511246
0.40491942
0.4179268
0.42672765
0.44623837
0.46242172
0.47609404
0.48782223
0.49801168
0.50696015
0.51489174
0.52197796
0.5332046
0.5439142
model ('out_em3/out_8to3/5/weights(8)(5)_2.npy', 'out_em3/out_8to3/5/loss_train_(8)(5)_2.npy', 'out_em3/out_8to3/5/loss_val(8)(5)_2.npy', 'weights(8)(5)_2.npy') completed
2.9101994
2.4468877
2.2077363
1.938373
1.6319609
1.2972746
0.9821609
0.7503614
0.61292106
0.5400244
0.48483664
0.43877357
0.42434373
0.41946515
0.41436112
0.4195835
0.43377978
0.44645357
0.45784116
0.4681307
0.47747457
0.4909429
0.5103502
0.5281515
0.5445387
model ('out_em3/out_8to4/5/weights(8)(4)_0.npy', 'out_em3/out_8to4/5/loss_train_(8)(4)_0.npy', 'out_em3/out_8to4/5/loss_val(8)(4)_0.npy', 'weights(8)(4)_0.npy') completed
3.961042
3.0335102
2.9272904
2.7638874
2.5210776
2.146111
1.629351
1.1699586
0.86413336
0.66331804
0.5273913
0.45861536
0.4213779
0.40906125
0.40209484
0.3948329
0.39601794
0.39724144
0.39792773
0.39822626
0.3982426
0.3980529
0.3977127
0.39726293
0.39673427
model ('out_em3/out_8to4/5/weights(8)(4)_1.npy', 'out_em3/out_8to4/5/loss_train_(8)(4)_1.npy', 'out_em3/out_8to4/5/loss_val(8)(4)_1.npy', 'weights(8)(4)_1.npy') completed
3.4279943
3.0244884
2.8986776
2.7301984
2.4922097
2.1281202
1.6990271
1.2815336
0.96091664
0.75163066
0.6275753
0.5625423
0.51387453
0.4757919
0.44863218
0.4342652
0.42172247
0.41066343
0.40083143
0.3920282
0.38475862
0.38723284
0.40166172
0.41482973
0.42689693
model ('out_em3/out_8to4/5/weights(8)(4)_3.npy', 'out_em3/out_8to4/5/loss_train_(8)(4)_3.npy', 'out_em3/out_8to4/5/loss_val(8)(4)_3.npy', 'weights(8)(4)_3.npy') completed
2.0163672
1.949673
1.8424759
1.7026325
1.5128927
1.2740941
1.0236292
0.78382176
0.60425746
0.5331655
0.50753444
0.517408
0.5182248
0.5150212
0.5149528
0.52352464
0.53651905
0.5465689
0.5544385
0.560663
0.5656255
0.5696063
0.57281435
0.5754075
0.5850855
model ('out_em3/out_8to4/5/weights(8)(4)_2.npy', 'out_em3/out_8to4/5/loss_train_(8)(4)_2.npy', 'out_em3/out_8to4/5/loss_val(8)(4)_2.npy', 'weights(8)(4)_2.npy') completed
7.347402
1.8991091
1.7727315
1.6494738
1.4930394
1.264893
0.965585
0.7052453
0.5592774
0.5836773
0.6017497
0.64462966
0.68163764
0.71515256
0.75736827
0.79192
0.8207289
0.84511834
0.8660309
0.88415706
0.9000154
0.9140029
0.926429
0.9375383
0.94752747
model ('out_em3/out_8to5/5/weights(8)(3)_2.npy', 'out_em3/out_8to5/5/loss_train_(8)(3)_2.npy', 'out_em3/out_8to5/5/loss_val(8)(3)_2.npy', 'weights(8)(3)_2.npy') completed
3.7381332
3.495137
3.4345288
3.3112044
3.0888102
2.6938677
2.085558
1.4728949
1.037299
0.7685345
0.60638225
0.542243
0.4927296
0.45517018
0.4347055
0.4242162
0.4153278
0.40768415
0.40103054
0.40082613
0.4042029
0.4072789
0.4100914
0.412672
0.4150477
model ('out_em3/out_8to5/5/weights(8)(3)_0.npy', 'out_em3/out_8to5/5/loss_train_(8)(3)_0.npy', 'out_em3/out_8to5/5/loss_val(8)(3)_0.npy', 'weights(8)(3)_0.npy') completed
2.8249207
3.02974
2.9532316
2.8232849
2.6205337
2.301844
1.8109186
1.3102318
0.96348834
0.8216052
0.73041856
0.68099105
0.64102113
0.61942
0.6086747
0.59947854
0.59150404
0.586067
0.58207476
0.5786291
0.57562476
0.5775775
0.5807793
0.5837459
0.586502
model ('out_em3/out_8to5/5/weights(8)(3)_1.npy', 'out_em3/out_8to5/5/loss_train_(8)(3)_1.npy', 'out_em3/out_8to5/5/loss_val(8)(3)_1.npy', 'weights(8)(3)_1.npy') completed
1.236739
3.1175654
3.0278518
2.9059572
2.719932
2.3994458
1.9067794
1.3916657
1.0317204
0.8218409
0.69490504
0.60653293
0.5427773
0.48977268
0.44722906
0.4214958
0.39911622
0.37944803
0.36678487
0.36264133
0.36051634
0.3632873
0.36568698
0.36778238
0.36962575
model ('out_em3/out_8to5/5/weights(8)(3)_3.npy', 'out_em3/out_8to5/5/loss_train_(8)(3)_3.npy', 'out_em3/out_8to5/5/loss_val(8)(3)_3.npy', 'weights(8)(3)_3.npy') completed
4.209327
3.6361525
3.561994
3.4233425
3.1789808
2.7494457
2.1111126
1.4579108
1.0454568
0.7840483
0.6161925
0.52038306
0.44970053
0.40373862
0.40349093
0.40724522
0.41640577
0.42923856
0.440731
0.45108765
0.46047202
0.46901685
0.47683126
0.48400605
0.49061722
model ('out_em3/out_8to6/5/weights(8)(2)_3.npy', 'out_em3/out_8to6/5/loss_train_(8)(2)_3.npy', 'out_em3/out_8to6/5/loss_val(8)(2)_3.npy', 'weights(8)(2)_3.npy') completed
2.0959225
2.7580261
2.7284727
2.6688378
2.5312169
2.2430673
1.7731934
1.3400192
1.0240104
0.8057096
0.7419251
0.6947721
0.65266514
0.6165744
0.6140832
0.61018956
0.6055598
0.6005862
0.5955026
0.5904493
0.585509
0.58072954
0.5778883
0.5802781
0.58231413
model ('out_em3/out_8to6/5/weights(8)(2)_1.npy', 'out_em3/out_8to6/5/loss_train_(8)(2)_1.npy', 'out_em3/out_8to6/5/loss_val(8)(2)_1.npy', 'weights(8)(2)_1.npy') completed
3.1423965
3.215017
3.1395955
3.0118055
2.824721
2.4821587
1.9509239
1.4004414
0.99973947
0.7437444
0.6264814
0.5736877
0.5369311
0.53394616
0.54389036
0.5609344
0.57550055
0.5881106
0.6069507
0.6340536
0.66104764
0.6853816
0.7074335
0.7275129
0.7458744
model ('out_em3/out_8to6/5/weights(8)(2)_2.npy', 'out_em3/out_8to6/5/loss_train_(8)(2)_2.npy', 'out_em3/out_8to6/5/loss_val(8)(2)_2.npy', 'weights(8)(2)_2.npy') completed
7.759078
2.4609497
2.340899
2.1784406
1.9575229
1.646906
1.2615591
0.92543465
0.6815543
0.5562863
0.4978311
0.47420597
0.46364573
0.47663128
0.49039358
0.5055195
0.5210195
0.534491
0.5463221
0.5568048
0.5661635
0.57457435
0.58217746
0.5960962
0.6103133
model ('out_em3/out_8to6/5/weights(8)(2)_0.npy', 'out_em3/out_8to6/5/loss_train_(8)(2)_0.npy', 'out_em3/out_8to6/5/loss_val(8)(2)_0.npy', 'weights(8)(2)_0.npy') completed
7.5900927
0.8048557
0.7744535
0.7247231
0.64833146
0.5380738
0.4263012
0.34661347
0.29897735
0.27235076
0.25661772
0.24659154
0.23978797
0.23494887
0.23138493
0.22869015
0.22661048
0.22497927
0.22368294
0.22264148
0.22179726
0.22110781
0.2205412
0.22007316
0.21968493
model ('out_em3/out_8to7/5/weights(8)(1)_2.npy', 'out_em3/out_8to7/5/loss_train_(8)(1)_2.npy', 'out_em3/out_8to7/5/loss_val(8)(1)_2.npy', 'weights(8)(1)_2.npy') completed
6.0617394
0.71972746
0.6980437
0.693021
0.6836202
0.66863453
0.6659938
0.6586806
0.6507919
0.6443288
0.63933986
0.6354671
0.63240033
0.6309355
0.6374852
0.6430413
0.6478042
0.6519256
0.65552217
0.6586845
0.66148406
0.66397774
0.6662116
0.6682229
0.67004234
model ('out_em3/out_8to7/5/weights(8)(1)_0.npy', 'out_em3/out_8to7/5/loss_train_(8)(1)_0.npy', 'out_em3/out_8to7/5/loss_val(8)(1)_0.npy', 'weights(8)(1)_0.npy') completed
5.0698476
1.7420394
1.6672446
1.5732608
1.4432266
1.2472513
0.9826062
0.73004264
0.5514632
0.43591428
0.36258158
0.34383163
0.34064928
0.35044745
0.3582132
0.36451155
0.36971536
0.37408113
0.3777912
0.3809789
0.3837441
0.386163
0.3882947
0.3901859
0.39187375
model ('out_em3/out_8to7/5/weights(8)(1)_1.npy', 'out_em3/out_8to7/5/loss_train_(8)(1)_1.npy', 'out_em3/out_8to7/5/loss_val(8)(1)_1.npy', 'weights(8)(1)_1.npy') completed
7.647477
1.4932855
1.4600284
1.4131509
1.3316668
1.177029
0.9332707
0.702003
0.60165817
0.53932637
0.49969298
0.4731176
0.46792755
0.46855202
0.47631106
0.4873322
0.49647546
0.50415933
0.5106898
0.5162953
0.5211491
0.52538526
0.5291086
0.53240204
0.53533226
model ('out_em3/out_8to7/5/weights(8)(1)_3.npy', 'out_em3/out_8to7/5/loss_train_(8)(1)_3.npy', 'out_em3/out_8to7/5/loss_val(8)(1)_3.npy', 'weights(8)(1)_3.npy') completed
job finished
