Job runs on node:
lrdn4979
0.24103145
0.21160974
0.14947198
0.15092374
0.16926277
0.17310491
0.18980582
0.1991921
0.1927828
0.1815708
0.1697624
0.15848947
0.14818825
0.13891807
0.13083692
0.12548384
0.12032005
0.11541676
0.1108006
0.10647472
0.10243037
0.09883872
0.09621704
0.09380189
0.09157154
model ('out_mix/out_8to1/5/weights(8)(7)_1.npy', 'out_mix/out_8to1/5/loss_train_(8)(7)_1.npy', 'out_mix/out_8to1/5/loss_val(8)(7)_1.npy', 'weights(8)(7)_1.npy') completed
0.49483836
0.3047474
0.22639954
0.1613318
0.1535285
0.15710668
0.15389608
0.1558756
0.15195201
0.14523204
0.1432626
0.13951276
0.13439976
0.12920663
0.12622964
0.12315506
0.12010297
0.11713828
0.11429455
0.111587234
0.10902128
0.106595576
0.10430553
0.10214477
0.100105986
model ('out_mix/out_8to1/5/weights(8)(7)_2.npy', 'out_mix/out_8to1/5/loss_train_(8)(7)_2.npy', 'out_mix/out_8to1/5/loss_val(8)(7)_2.npy', 'weights(8)(7)_2.npy') completed
0.256641
0.17809218
0.1238729
0.13669759
0.18493855
0.18716332
0.17530884
0.17967772
0.17802328
0.17015398
0.1606499
0.15105468
0.14200835
0.13369662
0.12627059
0.11957517
0.1134987
0.10797622
0.10294608
0.09835235
0.094145365
0.090614505
0.08824877
0.086062714
0.084038705
model ('out_mix/out_8to1/5/weights(8)(7)_3.npy', 'out_mix/out_8to1/5/loss_train_(8)(7)_3.npy', 'out_mix/out_8to1/5/loss_val(8)(7)_3.npy', 'weights(8)(7)_3.npy') completed
0.29944968
0.18092777
0.13403685
0.11204161
0.13614845
0.16279049
0.17253949
0.17955779
0.17541774
0.16596743
0.155809
0.14605711
0.13718814
0.129158
0.12187481
0.115282945
0.10931337
0.10436186
0.100275524
0.096434034
0.092832506
0.08983775
0.087095685
0.08453983
0.08215443
model ('out_mix/out_8to1/5/weights(8)(7)_0.npy', 'out_mix/out_8to1/5/loss_train_(8)(7)_0.npy', 'out_mix/out_8to1/5/loss_val(8)(7)_0.npy', 'weights(8)(7)_0.npy') completed
0.7661761
0.39589217
0.1862547
0.12556322
0.18830399
0.24783593
0.2676216
0.25029862
0.23127241
0.22784281
0.21993077
0.20737088
0.19543032
0.18850555
0.18928573
0.18970564
0.18986721
0.18986085
0.18997312
0.19034964
0.19068967
0.19100033
0.1912866
0.19155201
0.19185993
model ('out_mix/out_8to2/5/weights(8)(6)_1.npy', 'out_mix/out_8to2/5/loss_train_(8)(6)_1.npy', 'out_mix/out_8to2/5/loss_val(8)(6)_1.npy', 'weights(8)(6)_1.npy') completed
0.9176927
0.9600761
0.8494611
0.76080585
0.6613928
0.551369
0.45292673
0.38994542
0.3637055
0.3450808
0.32773742
0.31329843
0.2979415
0.28878576
0.29326233
0.29670006
0.30095175
0.30640754
0.31107852
0.31511685
0.32164794
0.32852316
0.3347389
0.34038356
0.3478812
model ('out_mix/out_8to2/5/weights(8)(6)_0.npy', 'out_mix/out_8to2/5/loss_train_(8)(6)_0.npy', 'out_mix/out_8to2/5/loss_val(8)(6)_0.npy', 'weights(8)(6)_0.npy') completed
1.2681719
1.020782
0.92438936
0.819986
0.7019732
0.5722879
0.4256068
0.36433253
0.32842046
0.31609455
0.31632274
0.31058112
0.3027242
0.29817522
0.32372057
0.35038543
0.37716913
0.40299642
0.4259984
0.4466103
0.46518263
0.48200098
0.49730024
0.51127553
0.5240901
model ('out_mix/out_8to2/5/weights(8)(6)_2.npy', 'out_mix/out_8to2/5/loss_train_(8)(6)_2.npy', 'out_mix/out_8to2/5/loss_val(8)(6)_2.npy', 'weights(8)(6)_2.npy') completed
1.2236
0.9733366
0.79732627
0.6697289
0.5665515
0.47778153
0.40584102
0.3207169
0.26316988
0.22710136
0.22554564
0.22821468
0.23414913
0.24180493
0.24888912
0.25659063
0.2683533
0.28261715
0.29817325
0.31238288
0.3254001
0.33735654
0.34836945
0.35854045
0.36795837
model ('out_mix/out_8to2/5/weights(8)(6)_3.npy', 'out_mix/out_8to2/5/loss_train_(8)(6)_3.npy', 'out_mix/out_8to2/5/loss_val(8)(6)_3.npy', 'weights(8)(6)_3.npy') completed
1.5866278
1.7929544
1.5066442
1.2294003
1.0030605
0.80071425
0.628348
0.46897238
0.4068855
0.41665807
0.41939265
0.43122497
0.43699685
0.44627315
0.45507264
0.46440554
0.47167245
0.4774164
0.4822132
0.489003
0.4951905
0.50063354
0.5108975
0.5237353
0.53551525
model ('out_mix/out_8to3/5/weights(8)(5)_1.npy', 'out_mix/out_8to3/5/loss_train_(8)(5)_1.npy', 'out_mix/out_8to3/5/loss_val(8)(5)_1.npy', 'weights(8)(5)_1.npy') completed
1.3123116
1.5847111
1.3072342
1.0899274
0.90712076
0.7027527
0.506721
0.42006466
0.43398285
0.51046395
0.57121456
0.61317176
0.6435065
0.66906357
0.700957
0.7276094
0.7501942
0.76955837
0.78632987
0.80098397
0.8138885
0.82533073
0.8355401
0.8447001
0.85296094
model ('out_mix/out_8to3/5/weights(8)(5)_0.npy', 'out_mix/out_8to3/5/loss_train_(8)(5)_0.npy', 'out_mix/out_8to3/5/loss_val(8)(5)_0.npy', 'weights(8)(5)_0.npy') completed
2.9989536
2.8161652
2.623455
2.3802722
2.0744026
1.6790538
1.2428435
0.8958799
0.67592734
0.53424895
0.44699407
0.42990506
0.43622553
0.44456628
0.45129344
0.4566944
0.46107304
0.46465588
0.46760756
0.4700547
0.47209498
0.47380465
0.47524348
0.47645864
0.47748828
model ('out_mix/out_8to3/5/weights(8)(5)_3.npy', 'out_mix/out_8to3/5/loss_train_(8)(5)_3.npy', 'out_mix/out_8to3/5/loss_val(8)(5)_3.npy', 'weights(8)(5)_3.npy') completed
2.3538246
1.7288177
1.477864
1.2581884
1.0778356
0.8952847
0.6984556
0.6178108
0.5594419
0.50942636
0.47133914
0.45979995
0.44604746
0.43081254
0.41537833
0.4122157
0.41216815
0.41153875
0.4132872
0.41616526
0.41877347
0.42349157
0.43519327
0.44589362
0.4557177
model ('out_mix/out_8to3/5/weights(8)(5)_2.npy', 'out_mix/out_8to3/5/loss_train_(8)(5)_2.npy', 'out_mix/out_8to3/5/loss_val(8)(5)_2.npy', 'weights(8)(5)_2.npy') completed
1.8604108
2.5371482
2.266398
2.0096421
1.7783676
1.4643451
1.1264077
0.83246577
0.6798373
0.6755682
0.6876445
0.69397503
0.6966434
0.6976024
0.70213544
0.7053257
0.7075701
0.7091358
0.71020734
0.7109143
0.7113498
0.71158147
0.7117493
0.717807
0.728811
model ('out_mix/out_8to4/5/weights(8)(4)_0.npy', 'out_mix/out_8to4/5/loss_train_(8)(4)_0.npy', 'out_mix/out_8to4/5/loss_val(8)(4)_0.npy', 'weights(8)(4)_0.npy') completed
7.6174703
1.9583275
1.6583725
1.367155
1.1225444
0.9083072
0.69188464
0.5497717
0.4814421
0.46932387
0.47424656
0.47712973
0.4741163
0.47474197
0.49210668
0.507496
0.53580034
0.56100297
0.583308
0.603198
0.6210517
0.63717127
0.6518005
0.6651393
0.67735255
model ('out_mix/out_8to4/5/weights(8)(4)_1.npy', 'out_mix/out_8to4/5/loss_train_(8)(4)_1.npy', 'out_mix/out_8to4/5/loss_val(8)(4)_1.npy', 'weights(8)(4)_1.npy') completed
3.7487464
2.6486888
2.3467095
2.0521164
1.7859774
1.5310575
1.2110522
0.93032813
0.7442142
0.62447095
0.6019712
0.6003941
0.60607755
0.61527455
0.62131786
0.6252475
0.6277278
0.6291971
0.629951
0.6301941
0.6416715
0.65412307
0.6652968
0.6773901
0.6915028
model ('out_mix/out_8to4/5/weights(8)(4)_2.npy', 'out_mix/out_8to4/5/loss_train_(8)(4)_2.npy', 'out_mix/out_8to4/5/loss_val(8)(4)_2.npy', 'weights(8)(4)_2.npy') completed
1.8199388
3.1744003
2.9746954
2.8383267
2.6752653
2.3834262
1.9204974
1.473032
1.1549853
0.9666768
0.859675
0.7821535
0.7196847
0.6800703
0.64706993
0.6189789
0.59475106
0.57421386
0.5674322
0.56670856
0.566142
0.5656919
0.5653297
0.5650343
0.5647908
model ('out_mix/out_8to5/5/weights(8)(3)_0.npy', 'out_mix/out_8to5/5/loss_train_(8)(3)_0.npy', 'out_mix/out_8to5/5/loss_val(8)(3)_0.npy', 'weights(8)(3)_0.npy') completed
8.784628
2.8157227
2.4604957
2.1522422
1.8007976
1.4000245
0.9920055
0.71528983
0.5707439
0.53882945
0.55318296
0.55891794
0.56525385
0.5863813
0.6098169
0.6334593
0.6525867
0.6683043
0.681392
0.69241595
0.70549387
0.71950036
0.7319469
0.74587846
0.7594631
model ('out_mix/out_8to5/5/weights(8)(3)_1.npy', 'out_mix/out_8to5/5/loss_train_(8)(3)_1.npy', 'out_mix/out_8to5/5/loss_val(8)(3)_1.npy', 'weights(8)(3)_1.npy') completed
job finished
