Job runs on node:
lrdn4992
0.7541666
0.6107434
0.4701751
0.34868473
0.25716993
0.18505317
0.19509974
0.21592225
0.23429985
0.2510569
0.25764164
0.2583221
0.2560908
0.2524324
0.24811317
0.24467744
0.24184394
0.23907246
0.23657478
0.2401268
0.24823117
0.25566673
0.26251218
0.268834
0.27468956
model ('out_em4/out_8to1/5/weights(8)(7)_1.npy', 'out_em4/out_8to1/5/loss_train_(8)(7)_1.npy', 'out_em4/out_8to1/5/loss_val(8)(7)_1.npy', 'weights(8)(7)_1.npy') completed
0.094557844
0.12835975
0.21308298
0.29140124
0.31647664
0.27663916
0.24228776
0.22272104
0.20433445
0.18636854
0.171298
0.15850554
0.147388
0.13767913
0.13110483
0.12711836
0.123411834
0.119985886
0.11691972
0.1141499
0.11161004
0.10927819
0.10713435
0.105159104
0.103335895
model ('out_em4/out_8to1/5/weights(8)(7)_2.npy', 'out_em4/out_8to1/5/loss_train_(8)(7)_2.npy', 'out_em4/out_8to1/5/loss_val(8)(7)_2.npy', 'weights(8)(7)_2.npy') completed
0.28794062
0.17124069
0.076212585
0.053149894
0.087004304
0.1397385
0.1826342
0.19842051
0.1916017
0.17532584
0.15683144
0.13885519
0.13455597
0.13129751
0.12787347
0.12445409
0.12112886
0.11794304
0.114918225
0.112060465
0.10936745
0.10683345
0.10445039
0.10220912
0.10032002
model ('out_em4/out_8to1/5/weights(8)(7)_3.npy', 'out_em4/out_8to1/5/loss_train_(8)(7)_3.npy', 'out_em4/out_8to1/5/loss_val(8)(7)_3.npy', 'weights(8)(7)_3.npy') completed
0.15104383
0.062492087
0.06805253
0.12716162
0.16583438
0.18610078
0.19603084
0.19054405
0.17929833
0.16733731
0.15621297
0.14626674
0.1374729
0.12971392
0.12285379
0.11758702
0.113606445
0.10994947
0.106589034
0.10349755
0.100648165
0.098016635
0.09558143
0.09332267
0.0912234
model ('out_em4/out_8to1/5/weights(8)(7)_0.npy', 'out_em4/out_8to1/5/loss_train_(8)(7)_0.npy', 'out_em4/out_8to1/5/loss_val(8)(7)_0.npy', 'weights(8)(7)_0.npy') completed
1.3554819
1.0629609
0.8631206
0.69272995
0.5440767
0.4397915
0.39275843
0.3432601
0.32328495
0.30536234
0.2879231
0.27826792
0.26600683
0.25306588
0.24246278
0.23247935
0.22316797
0.21600431
0.21464624
0.21391644
0.21299472
0.21782464
0.22298159
0.22774354
0.23212977
model ('out_em4/out_8to2/5/weights(8)(6)_1.npy', 'out_em4/out_8to2/5/loss_train_(8)(6)_1.npy', 'out_em4/out_8to2/5/loss_val(8)(6)_1.npy', 'weights(8)(6)_1.npy') completed
0.14654127
0.2026898
0.27488878
0.3813351
0.46470633
0.48723924
0.44683576
0.4070068
0.4021217
0.3847527
0.36339235
0.34182924
0.32154113
0.30303138
0.2863574
0.27140257
0.25799307
0.24594744
0.23513204
0.22661388
0.21894419
0.21200807
0.20562781
0.19974306
0.19430193
model ('out_em4/out_8to2/5/weights(8)(6)_0.npy', 'out_em4/out_8to2/5/loss_train_(8)(6)_0.npy', 'out_em4/out_8to2/5/loss_val(8)(6)_0.npy', 'weights(8)(6)_0.npy') completed
1.0513742
0.8371172
0.77246726
0.7329282
0.67617905
0.60608226
0.50004005
0.4357733
0.41748005
0.39845097
0.3734104
0.34877676
0.324798
0.30214092
0.28143856
0.2626705
0.24558792
0.23006228
0.21716666
0.20913218
0.20311698
0.20992428
0.21618748
0.22339576
0.23140268
model ('out_em4/out_8to2/5/weights(8)(6)_2.npy', 'out_em4/out_8to2/5/loss_train_(8)(6)_2.npy', 'out_em4/out_8to2/5/loss_val(8)(6)_2.npy', 'weights(8)(6)_2.npy') completed
0.87920094
0.82809025
0.7689037
0.72601515
0.65971696
0.551292
0.41218433
0.32846293
0.31796336
0.31343865
0.30544987
0.29576132
0.28609437
0.2764804
0.27419722
0.2888549
0.30281124
0.31548962
0.32674363
0.33681294
0.3489765
0.36068898
0.3720315
0.3824504
0.392054
model ('out_em4/out_8to2/5/weights(8)(6)_3.npy', 'out_em4/out_8to2/5/loss_train_(8)(6)_3.npy', 'out_em4/out_8to2/5/loss_val(8)(6)_3.npy', 'weights(8)(6)_3.npy') completed
1.7628287
2.1252115
1.9230887
1.7116957
1.4833424
1.1905048
0.90839267
0.7080747
0.57587755
0.5253655
0.49869683
0.49436834
0.5040317
0.5110026
0.51861525
0.5265977
0.5358771
0.5439129
0.5509428
0.55705535
0.5625036
0.5675477
0.5720527
0.5761025
0.5797643
model ('out_em4/out_8to3/5/weights(8)(5)_1.npy', 'out_em4/out_8to3/5/loss_train_(8)(5)_1.npy', 'out_em4/out_8to3/5/loss_val(8)(5)_1.npy', 'weights(8)(5)_1.npy') completed
1.7166148
1.7116927
1.4222378
1.1841103
0.96415937
0.7209419
0.5580866
0.4352458
0.4186558
0.4790182
0.50874174
0.5224805
0.53104293
0.5351335
0.5378464
0.5412621
0.5512148
0.5592438
0.5658127
0.5712518
0.57580245
0.5796438
0.58291274
0.5857138
0.58812934
model ('out_em4/out_8to3/5/weights(8)(5)_0.npy', 'out_em4/out_8to3/5/loss_train_(8)(5)_0.npy', 'out_em4/out_8to3/5/loss_val(8)(5)_0.npy', 'weights(8)(5)_0.npy') completed
2.07095
2.0478268
1.8735787
1.7207327
1.5462078
1.3286849
1.0587761
0.802067
0.6365612
0.55248314
0.49886316
0.46815544
0.45681277
0.46410266
0.47030553
0.47634807
0.48174924
0.4863046
0.49020204
0.49357614
0.49652633
0.49912795
0.5014393
0.50375104
0.5125453
model ('out_em4/out_8to3/5/weights(8)(5)_3.npy', 'out_em4/out_8to3/5/loss_train_(8)(5)_3.npy', 'out_em4/out_8to3/5/loss_val(8)(5)_3.npy', 'weights(8)(5)_3.npy') completed
1.7160542
1.933013
1.6534858
1.4631226
1.3080027
1.1242901
0.9176978
0.7143631
0.5585368
0.46888977
0.4416476
0.42949224
0.41907126
0.4087863
0.39902797
0.38993976
0.3815507
0.37383753
0.36675456
0.3622215
0.36440158
0.36628428
0.36792707
0.36937368
0.3706578
model ('out_em4/out_8to3/5/weights(8)(5)_2.npy', 'out_em4/out_8to3/5/loss_train_(8)(5)_2.npy', 'out_em4/out_8to3/5/loss_val(8)(5)_2.npy', 'weights(8)(5)_2.npy') completed
4.8278313
3.177884
2.6523871
2.2036698
1.7899226
1.4919702
1.1889901
0.92229533
0.73537475
0.70036066
0.6990864
0.7020806
0.69905496
0.6928457
0.68851244
0.69082993
0.69212425
0.6927137
0.6928116
0.69256496
0.69231397
0.7018006
0.7110013
0.71928656
0.726788
model ('out_em4/out_8to4/5/weights(8)(4)_0.npy', 'out_em4/out_8to4/5/loss_train_(8)(4)_0.npy', 'out_em4/out_8to4/5/loss_val(8)(4)_0.npy', 'weights(8)(4)_0.npy') completed
2.185363
2.2211776
1.9057459
1.6394926
1.34229
1.0294918
0.74643946
0.56433225
0.53977996
0.56502086
0.5910245
0.5991276
0.6030816
0.60449743
0.6031265
0.60014784
0.59625745
0.59187746
0.598587
0.6129153
0.62557834
0.6368567
0.64697903
0.6561104
0.66439277
model ('out_em4/out_8to4/5/weights(8)(4)_4.npy', 'out_em4/out_8to4/5/loss_train_(8)(4)_4.npy', 'out_em4/out_8to4/5/loss_val(8)(4)_4.npy', 'weights(8)(4)_4.npy') completed
2.91428
2.1199722
1.8865594
1.7413994
1.5719466
1.3218082
1.0309093
0.81982195
0.67927575
0.6294361
0.6156874
0.6093081
0.6049434
0.6032076
0.6010862
0.5973669
0.59274626
0.58765125
0.58234745
0.585428
0.60674167
0.6259953
0.64347047
0.6594
0.67397857
model ('out_em4/out_8to4/5/weights(8)(4)_1.npy', 'out_em4/out_8to4/5/loss_train_(8)(4)_1.npy', 'out_em4/out_8to4/5/loss_val(8)(4)_1.npy', 'weights(8)(4)_1.npy') completed
4.2998443
2.4451404
2.2396703
2.0209682
1.8410807
1.5865407
1.2271639
0.9409008
0.7819749
0.67470026
0.62603235
0.57909894
0.53472316
0.5056
0.4965417
0.49783838
0.4977519
0.49677464
0.49539894
0.4961608
0.4964679
0.49644208
0.49631822
0.49672818
0.49694628
model ('out_em4/out_8to4/5/weights(8)(4)_5.npy', 'out_em4/out_8to4/5/loss_train_(8)(4)_5.npy', 'out_em4/out_8to4/5/loss_val(8)(4)_5.npy', 'weights(8)(4)_5.npy') completed
2.2092242
2.6546137
2.4398668
2.2135131
1.9532809
1.6790715
1.4078777
1.1727705
1.0097599
0.9008943
0.8198829
0.7563107
0.7045061
0.68230885
0.66366464
0.64742535
0.6338947
0.6223868
0.6120936
0.60283434
0.5982848
0.5953838
0.59280866
0.5905076
0.58843964
model ('out_em4/out_8to4/5/weights(8)(4)_3.npy', 'out_em4/out_8to4/5/loss_train_(8)(4)_3.npy', 'out_em4/out_8to4/5/loss_val(8)(4)_3.npy', 'weights(8)(4)_3.npy') completed
1.9674017
2.4270954
2.209608
2.0744271
1.9227754
1.7117695
1.4215972
1.1058068
0.85619706
0.69042486
0.6236804
0.56844985
0.5372324
0.53363985
0.53016126
0.5319359
0.5350934
0.53739774
0.53908074
0.54088646
0.5433054
0.5453049
0.5469692
0.54836226
0.55134004
model ('out_em4/out_8to4/5/weights(8)(4)_2.npy', 'out_em4/out_8to4/5/loss_train_(8)(4)_2.npy', 'out_em4/out_8to4/5/loss_val(8)(4)_2.npy', 'weights(8)(4)_2.npy') completed
7.748273
2.7140474
2.337779
2.081763
1.8392272
1.5992576
1.294739
0.98184973
0.819464
0.74997336
0.71164376
0.67788064
0.6481523
0.62191457
0.5997853
0.5916041
0.5907362
0.5900087
0.5893923
0.5888655
0.5884119
0.58801866
0.5876757
0.5873749
0.58710986
model ('out_em4/out_8to5/5/weights(8)(3)_0.npy', 'out_em4/out_8to5/5/loss_train_(8)(3)_0.npy', 'out_em4/out_8to5/5/loss_val(8)(3)_0.npy', 'weights(8)(3)_0.npy') completed
4.577962
2.9024723
2.7115035
2.5953119
2.414327
2.1029527
1.6401683
1.175354
0.89179003
0.7247739
0.6276066
0.57870907
0.5484424
0.54357755
0.55669403
0.5666428
0.5742981
0.58025503
0.58493066
0.5886244
0.5915559
0.59933966
0.6107882
0.62096184
0.6300553
model ('out_em4/out_8to5/5/weights(8)(3)_1.npy', 'out_em4/out_8to5/5/loss_train_(8)(3)_1.npy', 'out_em4/out_8to5/5/loss_val(8)(3)_1.npy', 'weights(8)(3)_1.npy') completed
4.445473
4.0447607
3.772081
3.5003211
3.1396403
2.66318
2.025528
1.386041
0.9816502
0.85996246
0.81622416
0.8348664
0.8517146
0.8782408
0.901578
0.91978806
0.93423235
0.9458465
0.9630655
0.9870948
1.008218
1.0269256
1.0436043
1.058562
1.0720489
model ('out_em4/out_8to6/5/weights(8)(2)_1.npy', 'out_em4/out_8to6/5/loss_train_(8)(2)_1.npy', 'out_em4/out_8to6/5/loss_val(8)(2)_1.npy', 'weights(8)(2)_1.npy') completed
7.775609
4.508384
4.205792
3.8678887
3.47346
2.9402618
2.2522619
1.5967984
1.1350807
0.8409939
0.68587863
0.6238883
0.5804343
0.5482747
0.53674775
0.5393144
0.54433227
0.5477247
0.5526264
0.5572744
0.56096494
0.57216316
0.5873569
0.6010532
0.616058
model ('out_em4/out_8to6/5/weights(8)(2)_0.npy', 'out_em4/out_8to6/5/loss_train_(8)(2)_0.npy', 'out_em4/out_8to6/5/loss_val(8)(2)_0.npy', 'weights(8)(2)_0.npy') completed
8.25738
4.0726686
3.6634407
3.2394924
2.757531
2.1585116
1.4631503
0.8824716
0.55006534
0.4400077
0.40975642
0.4073163
0.41927508
0.43826485
0.4672883
0.4912895
0.5108615
0.5270677
0.5406609
0.55218947
0.5620619
0.57058835
0.5780091
0.5845108
0.5902434
model ('out_em4/out_8to7/5/weights(8)(1)_0.npy', 'out_em4/out_8to7/5/loss_train_(8)(1)_0.npy', 'out_em4/out_8to7/5/loss_val(8)(1)_0.npy', 'weights(8)(1)_0.npy') completed
7.942129
3.7900043
3.3624234
2.936358
2.4551597
1.8554385
1.1653885
0.61353034
0.36129215
0.37778252
0.41432267
0.47437364
0.5179742
0.5592741
0.59360904
0.6253269
0.65302426
0.67581683
0.69482523
0.7108606
0.7245239
0.7374869
0.748908
0.75890714
0.76771724
model ('out_em4/out_8to7/5/weights(8)(1)_1.npy', 'out_em4/out_8to7/5/loss_train_(8)(1)_1.npy', 'out_em4/out_8to7/5/loss_val(8)(1)_1.npy', 'weights(8)(1)_1.npy') completed
job finished
