Job runs on node:
lrdn4991
0.38280386
0.23243901
0.11626771
0.052036338
0.08110798
0.1150911
0.12579824
0.12586501
0.11770763
0.11126992
0.102670684
0.09287192
0.0873922
0.084395014
0.08895057
0.09310749
0.09672129
0.0998793
0.103062175
0.105999745
0.108581595
0.11086046
0.112880126
0.114677094
0.11628184
model ('out_fi/out_8to1/5/weights(8)(7)_1.npy', 'out_fi/out_8to1/5/loss_train_(8)(7)_1.npy', 'out_fi/out_8to1/5/loss_val(8)(7)_1.npy', 'weights(8)(7)_1.npy') completed
0.6021727
0.664532
0.5855931
0.5059085
0.44994596
0.3991508
0.3322343
0.28873885
0.2782571
0.26820695
0.2671702
0.26684603
0.2652439
0.2629926
0.26044166
0.25778657
0.26168567
0.2727831
0.28267637
0.29155415
0.2995668
0.3082103
0.31630462
0.32371795
0.33053267
model ('out_fi/out_8to1/5/weights(8)(7)_0.npy', 'out_fi/out_8to1/5/loss_train_(8)(7)_0.npy', 'out_fi/out_8to1/5/loss_val(8)(7)_0.npy', 'weights(8)(7)_0.npy') completed
0.7184665
0.54593176
0.4432621
0.3594618
0.31301844
0.2637958
0.20965597
0.19276674
0.18714449
0.18002807
0.16950777
0.16350722
0.15824011
0.15179828
0.14496078
0.14478949
0.14694856
0.14859413
0.14985968
0.15093067
0.15178081
0.15628803
0.1618852
0.16702792
0.1717694
model ('out_fi/out_8to1/10/weights(8)(7)_1.npy', 'out_fi/out_8to1/10/loss_train_(8)(7)_1.npy', 'out_fi/out_8to1/10/loss_val(8)(7)_1.npy', 'weights(8)(7)_1.npy') completed
0.19882886
0.119239904
0.073223755
0.04160439
0.057636693
0.08040559
0.094911605
0.10608763
0.105201185
0.096277416
0.08963301
0.08503652
0.08087283
0.07687741
0.07327291
0.07007311
0.06717866
0.06693284
0.06966763
0.072135985
0.07437395
0.076411545
0.07827397
0.079982445
0.08157582
model ('out_fi/out_8to1/10/weights(8)(7)_2.npy', 'out_fi/out_8to1/10/loss_train_(8)(7)_2.npy', 'out_fi/out_8to1/10/loss_val(8)(7)_2.npy', 'weights(8)(7)_2.npy') completed
0.44532982
0.42693335
0.3121293
0.21714509
0.15573171
0.12215396
0.094189584
0.07908596
0.0717296
0.071489915
0.08201973
0.09103195
0.10168715
0.11091334
0.118822575
0.12589322
0.13220173
0.13766879
0.1424371
0.1466211
0.15101802
0.15579563
0.16014948
0.16413155
0.16841653
model ('out_fi/out_8to1/10/weights(8)(7)_3.npy', 'out_fi/out_8to1/10/loss_train_(8)(7)_3.npy', 'out_fi/out_8to1/10/loss_val(8)(7)_3.npy', 'weights(8)(7)_3.npy') completed
0.8223501
0.6756306
0.5324868
0.4332083
0.35784674
0.2950308
0.27586555
0.2723288
0.25680077
0.2357223
0.21354648
0.19364029
0.17976318
0.17003828
0.16067263
0.15189192
0.14376695
0.13766609
0.13309015
0.12898755
0.12613195
0.12585627
0.12561576
0.12540518
0.12522009
model ('out_fi/out_8to1/10/weights(8)(7)_0.npy', 'out_fi/out_8to1/10/loss_train_(8)(7)_0.npy', 'out_fi/out_8to1/10/loss_val(8)(7)_0.npy', 'weights(8)(7)_0.npy') completed
0.8898568
0.7747941
0.6040305
0.47312647
0.43520743
0.4111424
0.35454378
0.33445242
0.34103242
0.3392421
0.32603544
0.30876535
0.29068264
0.2731601
0.25739446
0.24338783
0.23142478
0.22063789
0.21056601
0.20261113
0.197617
0.20239972
0.21218789
0.22369464
0.23434073
model ('out_fi/out_8to2/5/weights(8)(6)_1.npy', 'out_fi/out_8to2/5/loss_train_(8)(6)_1.npy', 'out_fi/out_8to2/5/loss_val(8)(6)_1.npy', 'weights(8)(6)_1.npy') completed
1.0817733
0.9493459
0.7211612
0.6168876
0.5486972
0.47415105
0.38244227
0.32893515
0.35412037
0.35822248
0.35721248
0.35221574
0.34297535
0.33211654
0.32088605
0.30987823
0.29936802
0.289469
0.29090023
0.30052572
0.31059664
0.32170388
0.33208513
0.3416016
0.35035706
model ('out_fi/out_8to2/5/weights(8)(6)_0.npy', 'out_fi/out_8to2/5/loss_train_(8)(6)_0.npy', 'out_fi/out_8to2/5/loss_val(8)(6)_0.npy', 'weights(8)(6)_0.npy') completed
1.3039416
1.0324645
0.7752991
0.5669428
0.40968198
0.29351828
0.23754206
0.27201796
0.30023667
0.30729282
0.3025683
0.29299536
0.28176704
0.27030984
0.28058392
0.2946137
0.30681968
0.31751898
0.3269936
0.33545497
0.3430662
0.34995493
0.35622382
0.3619558
0.36721924
model ('out_fi/out_8to2/10/weights(8)(6)_1.npy', 'out_fi/out_8to2/10/loss_train_(8)(6)_1.npy', 'out_fi/out_8to2/10/loss_val(8)(6)_1.npy', 'weights(8)(6)_1.npy') completed
1.114881
0.9084864
0.78692144
0.69086784
0.59385717
0.50181633
0.423095
0.3342608
0.26218742
0.21138756
0.17585817
0.15497717
0.15198843
0.1524029
0.15340044
0.15471365
0.15618668
0.15772714
0.16241187
0.16834487
0.17411874
0.17941612
0.18448408
0.19063583
0.1972115
model ('out_fi/out_8to2/10/weights(8)(6)_0.npy', 'out_fi/out_8to2/10/loss_train_(8)(6)_0.npy', 'out_fi/out_8to2/10/loss_val(8)(6)_0.npy', 'weights(8)(6)_0.npy') completed
1.423108
1.0968491
0.91161716
0.76365876
0.62780267
0.4795216
0.35489666
0.27651718
0.22538461
0.20372824
0.21657245
0.23575003
0.24969618
0.260131
0.26811975
0.27435154
0.27928907
0.28325316
0.2869664
0.29189128
0.29630795
0.30031967
0.3039956
0.30734196
0.31040213
model ('out_fi/out_8to2/10/weights(8)(6)_2.npy', 'out_fi/out_8to2/10/loss_train_(8)(6)_2.npy', 'out_fi/out_8to2/10/loss_val(8)(6)_2.npy', 'weights(8)(6)_2.npy') completed
0.75471365
0.6206696
0.51260847
0.4275393
0.36350983
0.31739596
0.28459507
0.24372491
0.2759775
0.28459468
0.27995434
0.2697528
0.2621217
0.2571656
0.25104988
0.24444452
0.23819266
0.2445634
0.25014395
0.25502616
0.25933424
0.26316625
0.26659864
0.27020472
0.2737893
model ('out_fi/out_8to2/10/weights(8)(6)_3.npy', 'out_fi/out_8to2/10/loss_train_(8)(6)_3.npy', 'out_fi/out_8to2/10/loss_val(8)(6)_3.npy', 'weights(8)(6)_3.npy') completed
1.4033021
1.3684863
1.2684225
1.1913837
1.137259
0.9934506
0.76442695
0.54578483
0.4643951
0.4367084
0.43505755
0.4280635
0.41749114
0.40557984
0.39341885
0.38153985
0.37195957
0.3942463
0.41474256
0.43313423
0.44973436
0.46479705
0.4786555
0.49166173
0.5036148
model ('out_fi/out_8to3/5/weights(8)(5)_1.npy', 'out_fi/out_8to3/5/loss_train_(8)(5)_1.npy', 'out_fi/out_8to3/5/loss_val(8)(5)_1.npy', 'weights(8)(5)_1.npy') completed
1.7729893
2.0549402
1.766066
1.509669
1.2547673
0.9448273
0.6730867
0.4908756
0.40301687
0.380525
0.36700898
0.36022425
0.35710177
0.37855524
0.3950222
0.40790817
0.4181564
0.4264199
0.43409148
0.4460771
0.46352172
0.47929722
0.49363232
0.5067154
0.5187038
model ('out_fi/out_8to3/5/weights(8)(5)_0.npy', 'out_fi/out_8to3/5/loss_train_(8)(5)_0.npy', 'out_fi/out_8to3/5/loss_val(8)(5)_0.npy', 'weights(8)(5)_0.npy') completed
6.603412
2.3325164
2.0139809
1.6914076
1.4157288
1.1037365
0.7776313
0.549722
0.39467767
0.3155115
0.2920957
0.29782185
0.32666743
0.34842622
0.36549264
0.3810272
0.3977666
0.4120111
0.42431137
0.4350615
0.4445526
0.4530043
0.4605865
0.4674325
0.47421822
model ('out_fi/out_8to3/10/weights(8)(5)_1.npy', 'out_fi/out_8to3/10/loss_train_(8)(5)_1.npy', 'out_fi/out_8to3/10/loss_val(8)(5)_1.npy', 'weights(8)(5)_1.npy') completed
2.1650555
1.843092
1.6485134
1.4455729
1.2253442
0.9636161
0.71511686
0.57879287
0.49380982
0.42311338
0.37432265
0.3578098
0.3409354
0.32721272
0.31994304
0.3234665
0.32657623
0.3290407
0.330927
0.332377
0.3334934
0.33457232
0.33547544
0.3361931
0.3367623
model ('out_fi/out_8to3/10/weights(8)(5)_0.npy', 'out_fi/out_8to3/10/loss_train_(8)(5)_0.npy', 'out_fi/out_8to3/10/loss_val(8)(5)_0.npy', 'weights(8)(5)_0.npy') completed
2.2792368
2.060447
1.7947704
1.525728
1.2518573
1.0248944
0.81135863
0.59509385
0.5166985
0.5045396
0.5308865
0.5440968
0.54977566
0.55222404
0.553024
0.5519664
0.5506864
0.5560264
0.56348234
0.5706993
0.57702005
0.58269584
0.5877825
0.5936818
0.6070151
model ('out_fi/out_8to3/10/weights(8)(5)_3.npy', 'out_fi/out_8to3/10/loss_train_(8)(5)_3.npy', 'out_fi/out_8to3/10/loss_val(8)(5)_3.npy', 'weights(8)(5)_3.npy') completed
1.880971
1.9525098
1.6544687
1.3554426
1.0501555
0.72846115
0.51626265
0.4128466
0.37909895
0.41076112
0.43631548
0.45356032
0.46048352
0.46175134
0.45985472
0.45894393
0.47056285
0.48638234
0.49996188
0.51173776
0.52204025
0.531124
0.5391888
0.5463931
0.5528649
model ('out_fi/out_8to3/10/weights(8)(5)_2.npy', 'out_fi/out_8to3/10/loss_train_(8)(5)_2.npy', 'out_fi/out_8to3/10/loss_val(8)(5)_2.npy', 'weights(8)(5)_2.npy') completed
2.5926778
2.338465
2.0308967
1.7537723
1.4475214
1.0889708
0.72607327
0.49363828
0.41762105
0.42405337
0.455795
0.46814755
0.47184926
0.47776178
0.49443454
0.5069905
0.5185968
0.52798104
0.5356393
0.5419651
0.5542467
0.56666845
0.5779147
0.58815074
0.5975114
model ('out_fi/out_8to4/5/weights(8)(4)_0.npy', 'out_fi/out_8to4/5/loss_train_(8)(4)_0.npy', 'out_fi/out_8to4/5/loss_val(8)(4)_0.npy', 'weights(8)(4)_0.npy') completed
4.5002027
2.5630388
2.488253
2.3740447
2.199775
1.8811598
1.4275982
0.9897413
0.72829103
0.56193143
0.49764222
0.47438666
0.47369257
0.47117418
0.46774977
0.4659887
0.46889576
0.47263396
0.47528145
0.47713298
0.4783958
0.47921836
0.47970966
0.47994906
0.4799971
model ('out_fi/out_8to4/5/weights(8)(4)_1.npy', 'out_fi/out_8to4/5/loss_train_(8)(4)_1.npy', 'out_fi/out_8to4/5/loss_val(8)(4)_1.npy', 'weights(8)(4)_1.npy') completed
3.7562075
2.571188
2.2506132
1.9946684
1.7997473
1.5954534
1.2794036
0.9540665
0.7189467
0.566373
0.46446243
0.407946
0.41517052
0.42164335
0.42985368
0.43698227
0.44319254
0.44862843
0.45341116
0.45764172
0.46140337
0.46476465
0.46778286
0.47050458
0.47296965
model ('out_fi/out_8to4/10/weights(8)(4)_0.npy', 'out_fi/out_8to4/10/loss_train_(8)(4)_0.npy', 'out_fi/out_8to4/10/loss_val(8)(4)_0.npy', 'weights(8)(4)_0.npy') completed
5.537249
3.6640768
3.3980336
3.1014898
2.7848482
2.3655074
1.7782665
1.2294819
0.8868083
0.67521286
0.55512094
0.47975844
0.4334537
0.4234246
0.435692
0.44739467
0.45959544
0.47004354
0.47906658
0.48691893
0.4938003
0.49986956
0.5065305
0.51394403
0.5285547
model ('out_fi/out_8to4/10/weights(8)(4)_1.npy', 'out_fi/out_8to4/10/loss_train_(8)(4)_1.npy', 'out_fi/out_8to4/10/loss_val(8)(4)_1.npy', 'weights(8)(4)_1.npy') completed
2.1614628
2.2446203
1.8695326
1.6267138
1.5537717
1.4180328
1.0998095
0.80892634
0.59862554
0.45509928
0.3691878
0.32462606
0.32622552
0.33577597
0.34732828
0.35581416
0.3621264
0.36745235
0.37241063
0.37636966
0.38021418
0.38567838
0.3912828
0.3997503
0.4082787
model ('out_fi/out_8to4/10/weights(8)(4)_3.npy', 'out_fi/out_8to4/10/loss_train_(8)(4)_3.npy', 'out_fi/out_8to4/10/loss_val(8)(4)_3.npy', 'weights(8)(4)_3.npy') completed
3.4677896
3.329142
3.094786
2.8427784
2.5821826
2.2576063
1.7876981
1.2947458
0.92846847
0.69211084
0.55972415
0.47048414
0.411843
0.39382842
0.38804805
0.39411634
0.39960778
0.4058829
0.41235778
0.41802782
0.42303377
0.42748517
0.4314688
0.4350541
0.43829763
model ('out_fi/out_8to4/10/weights(8)(4)_2.npy', 'out_fi/out_8to4/10/loss_train_(8)(4)_2.npy', 'out_fi/out_8to4/10/loss_val(8)(4)_2.npy', 'weights(8)(4)_2.npy') completed
6.846795
3.0455298
2.86046
2.6737247
2.4657707
2.126982
1.6643782
1.2017941
0.8835157
0.6798578
0.5504645
0.48329952
0.46928692
0.46141362
0.45572877
0.45035
0.44529858
0.44057345
0.4391614
0.44158915
0.4437323
0.44563895
0.44734672
0.44952944
0.45161828
model ('out_fi/out_8to5/5/weights(8)(3)_0.npy', 'out_fi/out_8to5/5/loss_train_(8)(3)_0.npy', 'out_fi/out_8to5/5/loss_val(8)(3)_0.npy', 'weights(8)(3)_0.npy') completed
7.980737
2.7452455
2.4653313
2.204486
1.9304168
1.6042035
1.3009847
0.98458683
0.75509346
0.63992965
0.5889776
0.587293
0.5813346
0.573296
0.5643661
0.55518687
0.5461071
0.53731376
0.5318295
0.5347367
0.5372102
0.5393345
0.5411741
0.5453163
0.5493521
model ('out_fi/out_8to5/5/weights(8)(3)_1.npy', 'out_fi/out_8to5/5/loss_train_(8)(3)_1.npy', 'out_fi/out_8to5/5/loss_val(8)(3)_1.npy', 'weights(8)(3)_1.npy') completed
7.964221
2.807969
2.4442382
2.0985372
1.7983326
1.5004053
1.1821603
0.8725005
0.6534059
0.54146534
0.53564733
0.55550426
0.5682601
0.57775205
0.5833318
0.58642054
0.58788323
0.58826625
0.5879246
0.58709437
0.58593667
0.5845625
0.5832335
0.5904715
0.5970273
model ('out_fi/out_8to5/10/weights(8)(3)_2.npy', 'out_fi/out_8to5/10/loss_train_(8)(3)_2.npy', 'out_fi/out_8to5/10/loss_val(8)(3)_2.npy', 'weights(8)(3)_2.npy') completed
6.1636767
3.0831454
2.8401237
2.5880427
2.3336809
2.0119903
1.5240816
1.0528926
0.76190615
0.6288764
0.5816125
0.5448549
0.52651364
0.5166321
0.50649893
0.5110151
0.52092916
0.5321993
0.5418558
0.5502195
0.55753094
0.56498855
0.5730332
0.58030915
0.58692235
model ('out_fi/out_8to5/10/weights(8)(3)_0.npy', 'out_fi/out_8to5/10/loss_train_(8)(3)_0.npy', 'out_fi/out_8to5/10/loss_val(8)(3)_0.npy', 'weights(8)(3)_0.npy') completed
2.3005123
3.3329475
3.1211123
2.9311483
2.771066
2.4700823
1.9858768
1.4711429
1.1170523
0.9000391
0.78510296
0.7209395
0.66505396
0.6209395
0.5914694
0.56499994
0.54113173
0.51952523
0.49989155
0.4819855
0.46559817
0.45941225
0.45897704
0.45857185
0.45819542
model ('out_fi/out_8to5/10/weights(8)(3)_1.npy', 'out_fi/out_8to5/10/loss_train_(8)(3)_1.npy', 'out_fi/out_8to5/10/loss_val(8)(3)_1.npy', 'weights(8)(3)_1.npy') completed
3.1251583
4.461992
4.171513
3.8237069
3.3946166
2.7547066
1.9083598
1.3150742
0.92627263
0.7388576
0.6552166
0.5928144
0.54345715
0.51553535
0.50485903
0.49417278
0.48989534
0.48852634
0.4905376
0.49218988
0.4935525
0.49467987
0.49783266
0.5007888
0.50341254
model ('out_fi/out_8to5/10/weights(8)(3)_3.npy', 'out_fi/out_8to5/10/loss_train_(8)(3)_3.npy', 'out_fi/out_8to5/10/loss_val(8)(3)_3.npy', 'weights(8)(3)_3.npy') completed
8.067059
4.427828
4.0363092
3.6510143
3.2346377
2.6463895
1.9365072
1.2995298
0.89917773
0.6849753
0.5836728
0.54304445
0.53025365
0.5283197
0.5331721
0.5449911
0.5601815
0.57315785
0.58436584
0.5941378
0.60272723
0.6103313
0.61710644
0.6231769
0.6286446
model ('out_fi/out_8to6/5/weights(8)(2)_1.npy', 'out_fi/out_8to6/5/loss_train_(8)(2)_1.npy', 'out_fi/out_8to6/5/loss_val(8)(2)_1.npy', 'weights(8)(2)_1.npy') completed
8.036919
4.6949954
4.248398
3.8248353
3.4194846
2.8873434
2.2194586
1.5936737
1.1498742
0.87275934
0.70942813
0.6034249
0.53318626
0.47958878
0.44069993
0.4093159
0.38450867
0.3738117
0.3705731
0.3676006
0.37323886
0.38091898
0.3878655
0.39418024
0.3999468
model ('out_fi/out_8to6/5/weights(8)(2)_0.npy', 'out_fi/out_8to6/5/loss_train_(8)(2)_0.npy', 'out_fi/out_8to6/5/loss_val(8)(2)_0.npy', 'weights(8)(2)_0.npy') completed
3.1427891
3.0787325
2.8488228
2.6752033
2.5079858
2.208013
1.7598282
1.3243912
0.9962924
0.8138372
0.71188927
0.6340475
0.5802792
0.5681626
0.5596906
0.5515629
0.54277396
0.5337795
0.52484655
0.5161303
0.5077181
0.49965492
0.49196014
0.50094163
0.5136211
model ('out_fi/out_8to6/10/weights(8)(2)_3.npy', 'out_fi/out_8to6/10/loss_train_(8)(2)_3.npy', 'out_fi/out_8to6/10/loss_val(8)(2)_3.npy', 'weights(8)(2)_3.npy') completed
7.966133
2.7841287
2.483706
2.1837351
1.9034572
1.5842527
1.2755156
0.96582144
0.7373201
0.5888388
0.53824043
0.5284591
0.5210978
0.52429247
0.5267667
0.5275618
0.5279483
0.5278011
0.52713704
0.5283796
0.53014517
0.53574383
0.54081833
0.54543704
0.549658
model ('out_fi/out_8to6/10/weights(8)(2)_1.npy', 'out_fi/out_8to6/10/loss_train_(8)(2)_1.npy', 'out_fi/out_8to6/10/loss_val(8)(2)_1.npy', 'weights(8)(2)_1.npy') completed
7.691584
3.1105537
2.6353412
2.2104678
1.8134391
1.4231554
1.0440251
0.76072794
0.6113047
0.5521681
0.56118447
0.5927039
0.6120264
0.62768155
0.6444411
0.6571127
0.66681635
0.67432076
0.6801676
0.6847472
0.6908547
0.69689584
0.7062902
0.71625775
0.72621447
model ('out_fi/out_8to6/10/weights(8)(2)_2.npy', 'out_fi/out_8to6/10/loss_train_(8)(2)_2.npy', 'out_fi/out_8to6/10/loss_val(8)(2)_2.npy', 'weights(8)(2)_2.npy') completed
7.7998824
5.0901732
4.711353
4.269647
3.7026901
2.9803386
2.2900195
1.5936053
1.0990671
0.7982299
0.606982
0.5001811
0.45681927
0.46470916
0.47122368
0.4752879
0.48271197
0.4891432
0.49456477
0.50449973
0.5137262
0.5219817
0.5294143
0.5361428
0.5422639
model ('out_fi/out_8to6/10/weights(8)(2)_0.npy', 'out_fi/out_8to6/10/loss_train_(8)(2)_0.npy', 'out_fi/out_8to6/10/loss_val(8)(2)_0.npy', 'weights(8)(2)_0.npy') completed
8.124349
4.0260024
3.5898948
3.142662
2.6483445
2.0469975
1.3532152
0.7517148
0.39332187
0.29735297
0.28152978
0.31819135
0.3671377
0.41955137
0.4674272
0.5060668
0.53779614
0.56422824
0.58651817
0.6055147
0.6218551
0.6360263
0.64841336
0.66094977
0.6720848
model ('out_fi/out_8to7/5/weights(8)(1)_0.npy', 'out_fi/out_8to7/5/loss_train_(8)(1)_0.npy', 'out_fi/out_8to7/5/loss_val(8)(1)_0.npy', 'weights(8)(1)_0.npy') completed
8.074975
3.954599
3.4989328
3.040926
2.5524201
1.9981589
1.3828148
0.86064756
0.51380974
0.3710557
0.3256298
0.3068648
0.31485474
0.32470196
0.33194292
0.33790883
0.34768546
0.35555822
0.36199054
0.3673116
0.373402
0.37978566
0.3853039
0.39010715
0.3943151
model ('out_fi/out_8to7/5/weights(8)(1)_1.npy', 'out_fi/out_8to7/5/loss_train_(8)(1)_1.npy', 'out_fi/out_8to7/5/loss_val(8)(1)_1.npy', 'weights(8)(1)_1.npy') completed
7.884203
3.7089598
3.2495584
2.7886913
2.3036582
1.7525778
1.1374822
0.61425644
0.29214707
0.26409966
0.2917742
0.32496497
0.35348606
0.38122424
0.41859385
0.45191333
0.47996837
0.50317305
0.52261364
0.5390817
0.5531669
0.56531715
0.5758789
0.5851218
0.59326154
model ('out_fi/out_8to7/10/weights(8)(1)_2.npy', 'out_fi/out_8to7/10/loss_train_(8)(1)_2.npy', 'out_fi/out_8to7/10/loss_val(8)(1)_2.npy', 'weights(8)(1)_2.npy') completed
7.899281
4.047396
3.6073601
3.157783
2.664157
2.0692782
1.3903916
0.80803615
0.42161697
0.24144028
0.19662593
0.19496202
0.22896954
0.27679312
0.31955916
0.35368758
0.38143218
0.40433556
0.42506722
0.44289044
0.45818666
0.47142464
0.48410976
0.49534738
0.50530785
model ('out_fi/out_8to7/10/weights(8)(1)_0.npy', 'out_fi/out_8to7/10/loss_train_(8)(1)_0.npy', 'out_fi/out_8to7/10/loss_val(8)(1)_0.npy', 'weights(8)(1)_0.npy') completed
8.042795
4.565494
4.100288
3.614404
3.0675995
2.3992572
1.6391473
0.99406135
0.5702443
0.32915574
0.20117071
0.19553435
0.23168077
0.2688842
0.30409363
0.33207217
0.35473555
0.37640563
0.39486393
0.41139466
0.4275666
0.44168693
0.45410597
0.46509895
0.47488764
model ('out_fi/out_8to7/10/weights(8)(1)_1.npy', 'out_fi/out_8to7/10/loss_train_(8)(1)_1.npy', 'out_fi/out_8to7/10/loss_val(8)(1)_1.npy', 'weights(8)(1)_1.npy') completed
7.8040876
3.9445174
3.489153
3.039976
2.5577772
1.9901398
1.3378267
0.7775648
0.41398448
0.27135274
0.22294939
0.21481395
0.260042
0.29717028
0.32573566
0.34963292
0.3763806
0.39951545
0.41885218
0.4351947
0.4491414
0.46114576
0.4715582
0.4806511
0.48864236
model ('out_fi/out_8to7/10/weights(8)(1)_3.npy', 'out_fi/out_8to7/10/loss_train_(8)(1)_3.npy', 'out_fi/out_8to7/10/loss_val(8)(1)_3.npy', 'weights(8)(1)_3.npy') completed
job finished
