/leonardo/home/userexternal/forazi00/dimred_venv/lib/python3.11/site-packages/pennylane/math/interface_utils.py:127: UserWarning: Contains tensors of types {'autoencoder8', 'autograd'}; dispatch will prioritize TensorFlow, PyTorch, and Jax over Autograd. Consider replacing Autograd with vanilla NumPy.
  warnings.warn(
/leonardo/home/userexternal/forazi00/Dim_red_swap_Leo/reconstruction_fidelity.py:152: FutureWarning: The behavior of DataFrame concatenation with empty or all-NA entries is deprecated. In a future version, this will no longer exclude empty or all-NA columns when determining the result dtypes. To retain the old behavior, exclude the relevant entries before the concat operation.
  res= pd.concat([res,pd.DataFrame([d])])
Traceback (most recent call last):
  File "/leonardo/home/userexternal/forazi00/Dim_red_swap_Leo/reconstruction_fidelity.py", line 157, in <module>
    main()
  File "/leonardo/home/userexternal/forazi00/Dim_red_swap_Leo/reconstruction_fidelity.py", line 154, in main
    res.to_csv(f'./reconstruction_fidelity_em4/reconstruction_results_{mq}_{model[3][7:-4]}.csv')
  File "/leonardo/home/userexternal/forazi00/dimred_venv/lib/python3.11/site-packages/pandas/util/_decorators.py", line 333, in wrapper
    return func(*args, **kwargs)
           ^^^^^^^^^^^^^^^^^^^^^
  File "/leonardo/home/userexternal/forazi00/dimred_venv/lib/python3.11/site-packages/pandas/core/generic.py", line 3967, in to_csv
    return DataFrameRenderer(formatter).to_csv(
           ^^^^^^^^^^^^^^^^^^^^^^^^^^^^^^^^^^^^
  File "/leonardo/home/userexternal/forazi00/dimred_venv/lib/python3.11/site-packages/pandas/io/formats/format.py", line 1014, in to_csv
    csv_formatter.save()
  File "/leonardo/home/userexternal/forazi00/dimred_venv/lib/python3.11/site-packages/pandas/io/formats/csvs.py", line 251, in save
    with get_handle(
         ^^^^^^^^^^^
  File "/leonardo/home/userexternal/forazi00/dimred_venv/lib/python3.11/site-packages/pandas/io/common.py", line 749, in get_handle
    check_parent_directory(str(handle))
  File "/leonardo/home/userexternal/forazi00/dimred_venv/lib/python3.11/site-packages/pandas/io/common.py", line 616, in check_parent_directory
    raise OSError(rf"Cannot save file into a non-existent directory: '{parent}'")
OSError: Cannot save file into a non-existent directory: 'reconstruction_fidelity_em4'
